{"/home/user/mcp/FileScopeMCP/src/config-utils.ts": {"path":"/home/user/mcp/FileScopeMCP/src/config-utils.ts","all":true,"statementMap":{"0":{"start":{"line":1,"column":0},"end":{"line":1,"column":34}},"1":{"start":{"line":2,"column":0},"end":{"line":2,"column":29}},"2":{"start":{"line":3,"column":0},"end":{"line":3,"column":24}},"6":{"start":{"line":7,"column":0},"end":{"line":7,"column":37}},"7":{"start":{"line":8,"column":0},"end":{"line":8,"column":38}},"8":{"start":{"line":9,"column":0},"end":{"line":9,"column":55}},"9":{"start":{"line":10,"column":0},"end":{"line":10,"column":44}},"10":{"start":{"line":11,"column":0},"end":{"line":11,"column":45}},"11":{"start":{"line":12,"column":0},"end":{"line":12,"column":67}},"12":{"start":{"line":13,"column":0},"end":{"line":13,"column":46}},"13":{"start":{"line":14,"column":0},"end":{"line":14,"column":45}},"14":{"start":{"line":15,"column":0},"end":{"line":15,"column":44}},"15":{"start":{"line":16,"column":0},"end":{"line":16,"column":14}},"18":{"start":{"line":19,"column":0},"end":{"line":19,"column":31}},"19":{"start":{"line":20,"column":0},"end":{"line":20,"column":28}},"20":{"start":{"line":21,"column":0},"end":{"line":21,"column":39}},"21":{"start":{"line":22,"column":0},"end":{"line":22,"column":35}},"22":{"start":{"line":23,"column":0},"end":{"line":23,"column":21}},"23":{"start":{"line":24,"column":0},"end":{"line":24,"column":3}},"28":{"start":{"line":29,"column":0},"end":{"line":29,"column":32}},"29":{"start":{"line":30,"column":0},"end":{"line":30,"column":20}},"30":{"start":{"line":31,"column":0},"end":{"line":31,"column":22}},"31":{"start":{"line":32,"column":0},"end":{"line":32,"column":17}},"32":{"start":{"line":33,"column":0},"end":{"line":33,"column":19}},"33":{"start":{"line":34,"column":0},"end":{"line":34,"column":20}},"34":{"start":{"line":35,"column":0},"end":{"line":35,"column":25}},"35":{"start":{"line":36,"column":0},"end":{"line":36,"column":26}},"36":{"start":{"line":37,"column":0},"end":{"line":37,"column":32}},"37":{"start":{"line":38,"column":0},"end":{"line":38,"column":27}},"38":{"start":{"line":39,"column":0},"end":{"line":39,"column":26}},"39":{"start":{"line":40,"column":0},"end":{"line":40,"column":25}},"40":{"start":{"line":41,"column":0},"end":{"line":41,"column":4}},"41":{"start":{"line":42,"column":0},"end":{"line":42,"column":18}},"42":{"start":{"line":43,"column":0},"end":{"line":43,"column":2}},"44":{"start":{"line":45,"column":0},"end":{"line":45,"column":87}},"45":{"start":{"line":46,"column":0},"end":{"line":46,"column":58}},"46":{"start":{"line":47,"column":0},"end":{"line":47,"column":67}},"48":{"start":{"line":49,"column":0},"end":{"line":49,"column":7}},"49":{"start":{"line":50,"column":0},"end":{"line":50,"column":46}},"50":{"start":{"line":51,"column":0},"end":{"line":51,"column":57}},"52":{"start":{"line":53,"column":0},"end":{"line":53,"column":81}},"53":{"start":{"line":54,"column":0},"end":{"line":54,"column":74}},"55":{"start":{"line":56,"column":0},"end":{"line":56,"column":18}},"56":{"start":{"line":57,"column":0},"end":{"line":57,"column":58}},"57":{"start":{"line":58,"column":0},"end":{"line":58,"column":84}},"58":{"start":{"line":59,"column":0},"end":{"line":59,"column":28}},"59":{"start":{"line":60,"column":0},"end":{"line":60,"column":5}},"61":{"start":{"line":62,"column":0},"end":{"line":62,"column":65}},"62":{"start":{"line":63,"column":0},"end":{"line":63,"column":77}},"64":{"start":{"line":65,"column":0},"end":{"line":65,"column":9}},"65":{"start":{"line":66,"column":0},"end":{"line":66,"column":53}},"66":{"start":{"line":67,"column":0},"end":{"line":67,"column":54}},"69":{"start":{"line":70,"column":0},"end":{"line":70,"column":88}},"70":{"start":{"line":71,"column":0},"end":{"line":71,"column":91}},"71":{"start":{"line":72,"column":0},"end":{"line":72,"column":54}},"72":{"start":{"line":73,"column":0},"end":{"line":73,"column":91}},"73":{"start":{"line":74,"column":0},"end":{"line":74,"column":9}},"74":{"start":{"line":75,"column":0},"end":{"line":75,"column":14}},"75":{"start":{"line":76,"column":0},"end":{"line":76,"column":68}},"76":{"start":{"line":77,"column":0},"end":{"line":77,"column":7}},"79":{"start":{"line":80,"column":0},"end":{"line":80,"column":63}},"80":{"start":{"line":81,"column":0},"end":{"line":81,"column":56}},"81":{"start":{"line":82,"column":0},"end":{"line":82,"column":76}},"82":{"start":{"line":83,"column":0},"end":{"line":83,"column":63}},"83":{"start":{"line":84,"column":0},"end":{"line":84,"column":54}},"85":{"start":{"line":86,"column":0},"end":{"line":86,"column":29}},"86":{"start":{"line":87,"column":0},"end":{"line":87,"column":26}},"87":{"start":{"line":88,"column":0},"end":{"line":88,"column":68}},"88":{"start":{"line":89,"column":0},"end":{"line":89,"column":62}},"89":{"start":{"line":90,"column":0},"end":{"line":90,"column":58}},"90":{"start":{"line":91,"column":0},"end":{"line":91,"column":28}},"91":{"start":{"line":92,"column":0},"end":{"line":92,"column":5}},"92":{"start":{"line":93,"column":0},"end":{"line":93,"column":19}},"93":{"start":{"line":94,"column":0},"end":{"line":94,"column":56}},"94":{"start":{"line":95,"column":0},"end":{"line":95,"column":56}},"95":{"start":{"line":96,"column":0},"end":{"line":96,"column":82}},"96":{"start":{"line":97,"column":0},"end":{"line":97,"column":26}},"97":{"start":{"line":98,"column":0},"end":{"line":98,"column":3}},"98":{"start":{"line":99,"column":0},"end":{"line":99,"column":1}},"100":{"start":{"line":101,"column":0},"end":{"line":101,"column":101}},"101":{"start":{"line":102,"column":0},"end":{"line":102,"column":7}},"102":{"start":{"line":103,"column":0},"end":{"line":103,"column":68}},"103":{"start":{"line":104,"column":0},"end":{"line":104,"column":19}},"104":{"start":{"line":105,"column":0},"end":{"line":105,"column":49}},"105":{"start":{"line":106,"column":0},"end":{"line":106,"column":16}},"106":{"start":{"line":107,"column":0},"end":{"line":107,"column":3}},"107":{"start":{"line":108,"column":0},"end":{"line":108,"column":1}}},"s":{"0":0,"1":0,"2":0,"6":0,"7":0,"8":0,"9":0,"10":0,"11":0,"12":0,"13":0,"14":0,"15":0,"18":0,"19":0,"20":0,"21":0,"22":0,"23":0,"28":0,"29":0,"30":0,"31":0,"32":0,"33":0,"34":0,"35":0,"36":0,"37":0,"38":0,"39":0,"40":0,"41":0,"42":0,"44":0,"45":0,"46":0,"48":0,"49":0,"50":0,"52":0,"53":0,"55":0,"56":0,"57":0,"58":0,"59":0,"61":0,"62":0,"64":0,"65":0,"66":0,"69":0,"70":0,"71":0,"72":0,"73":0,"74":0,"75":0,"76":0,"79":0,"80":0,"81":0,"82":0,"83":0,"85":0,"86":0,"87":0,"88":0,"89":0,"90":0,"91":0,"92":0,"93":0,"94":0,"95":0,"96":0,"97":0,"98":0,"100":0,"101":0,"102":0,"103":0,"104":0,"105":0,"106":0,"107":0},"branchMap":{"0":{"type":"branch","line":1,"loc":{"start":{"line":1,"column":3888},"end":{"line":108,"column":1}},"locations":[{"start":{"line":1,"column":3888},"end":{"line":108,"column":1}}]}},"b":{"0":[0]},"fnMap":{"0":{"name":"(empty-report)","decl":{"start":{"line":1,"column":3888},"end":{"line":108,"column":1}},"loc":{"start":{"line":1,"column":3888},"end":{"line":108,"column":1}},"line":1}},"f":{"0":0}}
,"/home/user/mcp/FileScopeMCP/src/file-utils.ts": {"path":"/home/user/mcp/FileScopeMCP/src/file-utils.ts","all":false,"statementMap":{"1":{"start":{"line":2,"column":0},"end":{"line":2,"column":42}},"2":{"start":{"line":3,"column":0},"end":{"line":3,"column":29}},"4":{"start":{"line":5,"column":0},"end":{"line":5,"column":73}},"6":{"start":{"line":7,"column":0},"end":{"line":7,"column":83}},"8":{"start":{"line":9,"column":0},"end":{"line":9,"column":55}},"14":{"start":{"line":15,"column":0},"end":{"line":15,"column":57}},"15":{"start":{"line":16,"column":0},"end":{"line":16,"column":27}},"17":{"start":{"line":18,"column":0},"end":{"line":18,"column":7}},"19":{"start":{"line":20,"column":0},"end":{"line":20,"column":85}},"22":{"start":{"line":23,"column":0},"end":{"line":23,"column":85}},"26":{"start":{"line":27,"column":0},"end":{"line":27,"column":57}},"29":{"start":{"line":30,"column":0},"end":{"line":30,"column":54}},"32":{"start":{"line":33,"column":0},"end":{"line":33,"column":50}},"35":{"start":{"line":36,"column":0},"end":{"line":36,"column":66}},"36":{"start":{"line":37,"column":0},"end":{"line":37,"column":19}},"37":{"start":{"line":38,"column":0},"end":{"line":38,"column":60}},"39":{"start":{"line":40,"column":0},"end":{"line":40,"column":20}},"40":{"start":{"line":41,"column":0},"end":{"line":41,"column":3}},"41":{"start":{"line":42,"column":0},"end":{"line":42,"column":1}},"43":{"start":{"line":44,"column":0},"end":{"line":44,"column":64}},"44":{"start":{"line":45,"column":0},"end":{"line":45,"column":50}},"45":{"start":{"line":46,"column":0},"end":{"line":46,"column":1}},"47":{"start":{"line":48,"column":0},"end":{"line":48,"column":30}},"48":{"start":{"line":49,"column":0},"end":{"line":49,"column":65}},"49":{"start":{"line":50,"column":0},"end":{"line":50,"column":67}},"51":{"start":{"line":52,"column":0},"end":{"line":52,"column":52}},"52":{"start":{"line":53,"column":0},"end":{"line":53,"column":138}},"53":{"start":{"line":54,"column":0},"end":{"line":54,"column":159}},"54":{"start":{"line":55,"column":0},"end":{"line":55,"column":138}},"55":{"start":{"line":56,"column":0},"end":{"line":56,"column":159}},"56":{"start":{"line":57,"column":0},"end":{"line":57,"column":64}},"57":{"start":{"line":58,"column":0},"end":{"line":58,"column":37}},"58":{"start":{"line":59,"column":0},"end":{"line":59,"column":39}},"59":{"start":{"line":60,"column":0},"end":{"line":60,"column":37}},"60":{"start":{"line":61,"column":0},"end":{"line":61,"column":35}},"61":{"start":{"line":62,"column":0},"end":{"line":62,"column":42}},"62":{"start":{"line":63,"column":0},"end":{"line":63,"column":96}},"63":{"start":{"line":64,"column":0},"end":{"line":64,"column":141}},"64":{"start":{"line":65,"column":0},"end":{"line":65,"column":207}},"65":{"start":{"line":66,"column":0},"end":{"line":66,"column":143}},"66":{"start":{"line":67,"column":0},"end":{"line":67,"column":28}},"67":{"start":{"line":68,"column":0},"end":{"line":68,"column":30}},"68":{"start":{"line":69,"column":0},"end":{"line":69,"column":2}},"74":{"start":{"line":75,"column":0},"end":{"line":75,"column":60}},"76":{"start":{"line":77,"column":0},"end":{"line":77,"column":36}},"77":{"start":{"line":78,"column":0},"end":{"line":78,"column":31}},"78":{"start":{"line":79,"column":0},"end":{"line":79,"column":27}},"79":{"start":{"line":80,"column":0},"end":{"line":80,"column":1}},"82":{"start":{"line":83,"column":0},"end":{"line":83,"column":98}},"83":{"start":{"line":84,"column":0},"end":{"line":84,"column":76}},"86":{"start":{"line":87,"column":0},"end":{"line":87,"column":48}},"87":{"start":{"line":88,"column":0},"end":{"line":88,"column":85}},"89":{"start":{"line":90,"column":0},"end":{"line":90,"column":60}},"90":{"start":{"line":91,"column":0},"end":{"line":91,"column":3}},"93":{"start":{"line":94,"column":0},"end":{"line":94,"column":76}},"94":{"start":{"line":95,"column":0},"end":{"line":95,"column":37}},"95":{"start":{"line":96,"column":0},"end":{"line":96,"column":54}},"96":{"start":{"line":97,"column":0},"end":{"line":97,"column":5}},"97":{"start":{"line":98,"column":0},"end":{"line":98,"column":3}},"100":{"start":{"line":101,"column":0},"end":{"line":101,"column":35}},"101":{"start":{"line":102,"column":0},"end":{"line":102,"column":81}},"102":{"start":{"line":103,"column":0},"end":{"line":103,"column":56}},"103":{"start":{"line":104,"column":0},"end":{"line":104,"column":40}},"104":{"start":{"line":105,"column":0},"end":{"line":105,"column":3}},"107":{"start":{"line":108,"column":0},"end":{"line":108,"column":35}},"108":{"start":{"line":109,"column":0},"end":{"line":109,"column":56}},"109":{"start":{"line":110,"column":0},"end":{"line":110,"column":56}},"110":{"start":{"line":111,"column":0},"end":{"line":111,"column":40}},"111":{"start":{"line":112,"column":0},"end":{"line":112,"column":3}},"114":{"start":{"line":115,"column":0},"end":{"line":115,"column":73}},"115":{"start":{"line":116,"column":0},"end":{"line":116,"column":56}},"116":{"start":{"line":117,"column":0},"end":{"line":117,"column":41}},"117":{"start":{"line":118,"column":0},"end":{"line":118,"column":1}},"119":{"start":{"line":120,"column":0},"end":{"line":120,"column":80}},"120":{"start":{"line":121,"column":0},"end":{"line":121,"column":21}},"121":{"start":{"line":122,"column":0},"end":{"line":122,"column":37}},"122":{"start":{"line":123,"column":0},"end":{"line":123,"column":56}},"123":{"start":{"line":124,"column":0},"end":{"line":124,"column":45}},"124":{"start":{"line":125,"column":0},"end":{"line":125,"column":48}},"127":{"start":{"line":128,"column":0},"end":{"line":128,"column":16}},"128":{"start":{"line":129,"column":0},"end":{"line":129,"column":15}},"129":{"start":{"line":130,"column":0},"end":{"line":130,"column":16}},"130":{"start":{"line":131,"column":0},"end":{"line":131,"column":22}},"131":{"start":{"line":132,"column":0},"end":{"line":132,"column":12}},"132":{"start":{"line":133,"column":0},"end":{"line":133,"column":15}},"133":{"start":{"line":134,"column":0},"end":{"line":134,"column":16}},"134":{"start":{"line":135,"column":0},"end":{"line":135,"column":22}},"135":{"start":{"line":136,"column":0},"end":{"line":136,"column":12}},"136":{"start":{"line":137,"column":0},"end":{"line":137,"column":16}},"138":{"start":{"line":139,"column":0},"end":{"line":139,"column":102}},"139":{"start":{"line":140,"column":0},"end":{"line":140,"column":24}},"140":{"start":{"line":141,"column":0},"end":{"line":141,"column":14}},"141":{"start":{"line":142,"column":0},"end":{"line":142,"column":24}},"142":{"start":{"line":143,"column":0},"end":{"line":143,"column":7}},"143":{"start":{"line":144,"column":0},"end":{"line":144,"column":12}},"144":{"start":{"line":145,"column":0},"end":{"line":145,"column":22}},"146":{"start":{"line":147,"column":0},"end":{"line":147,"column":96}},"147":{"start":{"line":148,"column":0},"end":{"line":148,"column":24}},"148":{"start":{"line":149,"column":0},"end":{"line":149,"column":14}},"149":{"start":{"line":150,"column":0},"end":{"line":150,"column":24}},"150":{"start":{"line":151,"column":0},"end":{"line":151,"column":7}},"151":{"start":{"line":152,"column":0},"end":{"line":152,"column":12}},"152":{"start":{"line":153,"column":0},"end":{"line":153,"column":17}},"153":{"start":{"line":154,"column":0},"end":{"line":154,"column":89}},"154":{"start":{"line":155,"column":0},"end":{"line":155,"column":24}},"155":{"start":{"line":156,"column":0},"end":{"line":156,"column":14}},"156":{"start":{"line":157,"column":0},"end":{"line":157,"column":24}},"157":{"start":{"line":158,"column":0},"end":{"line":158,"column":7}},"158":{"start":{"line":159,"column":0},"end":{"line":159,"column":12}},"159":{"start":{"line":160,"column":0},"end":{"line":160,"column":15}},"160":{"start":{"line":161,"column":0},"end":{"line":161,"column":48}},"161":{"start":{"line":162,"column":0},"end":{"line":162,"column":24}},"162":{"start":{"line":163,"column":0},"end":{"line":163,"column":14}},"163":{"start":{"line":164,"column":0},"end":{"line":164,"column":24}},"164":{"start":{"line":165,"column":0},"end":{"line":165,"column":7}},"165":{"start":{"line":166,"column":0},"end":{"line":166,"column":12}},"166":{"start":{"line":167,"column":0},"end":{"line":167,"column":12}},"167":{"start":{"line":168,"column":0},"end":{"line":168,"column":22}},"168":{"start":{"line":169,"column":0},"end":{"line":169,"column":3}},"171":{"start":{"line":172,"column":0},"end":{"line":172,"column":49}},"172":{"start":{"line":173,"column":0},"end":{"line":173,"column":20}},"173":{"start":{"line":174,"column":0},"end":{"line":174,"column":59}},"174":{"start":{"line":175,"column":0},"end":{"line":175,"column":20}},"175":{"start":{"line":176,"column":0},"end":{"line":176,"column":3}},"178":{"start":{"line":179,"column":0},"end":{"line":179,"column":30}},"179":{"start":{"line":180,"column":0},"end":{"line":180,"column":66}},"180":{"start":{"line":181,"column":0},"end":{"line":181,"column":22}},"181":{"start":{"line":182,"column":0},"end":{"line":182,"column":42}},"182":{"start":{"line":183,"column":0},"end":{"line":183,"column":22}},"183":{"start":{"line":184,"column":0},"end":{"line":184,"column":45}},"184":{"start":{"line":185,"column":0},"end":{"line":185,"column":22}},"185":{"start":{"line":186,"column":0},"end":{"line":186,"column":5}},"186":{"start":{"line":187,"column":0},"end":{"line":187,"column":3}},"189":{"start":{"line":190,"column":0},"end":{"line":190,"column":28}},"190":{"start":{"line":191,"column":0},"end":{"line":191,"column":65}},"191":{"start":{"line":192,"column":0},"end":{"line":192,"column":64}},"192":{"start":{"line":193,"column":0},"end":{"line":193,"column":45}},"193":{"start":{"line":194,"column":0},"end":{"line":194,"column":4}},"194":{"start":{"line":195,"column":0},"end":{"line":195,"column":58}},"195":{"start":{"line":196,"column":0},"end":{"line":196,"column":20}},"196":{"start":{"line":197,"column":0},"end":{"line":197,"column":3}},"199":{"start":{"line":200,"column":0},"end":{"line":200,"column":34}},"200":{"start":{"line":201,"column":0},"end":{"line":201,"column":1}},"203":{"start":{"line":204,"column":0},"end":{"line":204,"column":68}},"205":{"start":{"line":206,"column":0},"end":{"line":206,"column":78}},"206":{"start":{"line":207,"column":0},"end":{"line":207,"column":21}},"207":{"start":{"line":208,"column":0},"end":{"line":208,"column":27}},"208":{"start":{"line":209,"column":0},"end":{"line":209,"column":3}},"211":{"start":{"line":212,"column":0},"end":{"line":212,"column":76}},"212":{"start":{"line":213,"column":0},"end":{"line":213,"column":21}},"213":{"start":{"line":214,"column":0},"end":{"line":214,"column":27}},"214":{"start":{"line":215,"column":0},"end":{"line":215,"column":3}},"217":{"start":{"line":218,"column":0},"end":{"line":218,"column":71}},"218":{"start":{"line":219,"column":0},"end":{"line":219,"column":20}},"219":{"start":{"line":220,"column":0},"end":{"line":220,"column":26}},"220":{"start":{"line":221,"column":0},"end":{"line":221,"column":3}},"223":{"start":{"line":224,"column":0},"end":{"line":224,"column":73}},"224":{"start":{"line":225,"column":0},"end":{"line":225,"column":20}},"225":{"start":{"line":226,"column":0},"end":{"line":226,"column":26}},"226":{"start":{"line":227,"column":0},"end":{"line":227,"column":3}},"228":{"start":{"line":229,"column":0},"end":{"line":229,"column":14}},"229":{"start":{"line":230,"column":0},"end":{"line":230,"column":1}},"232":{"start":{"line":233,"column":0},"end":{"line":233,"column":105}},"233":{"start":{"line":234,"column":0},"end":{"line":234,"column":7}},"235":{"start":{"line":236,"column":0},"end":{"line":236,"column":39}},"236":{"start":{"line":237,"column":0},"end":{"line":237,"column":38}},"238":{"start":{"line":239,"column":0},"end":{"line":239,"column":43}},"239":{"start":{"line":240,"column":0},"end":{"line":240,"column":29}},"241":{"start":{"line":242,"column":0},"end":{"line":242,"column":39}},"242":{"start":{"line":243,"column":0},"end":{"line":243,"column":7}},"243":{"start":{"line":244,"column":0},"end":{"line":244,"column":43}},"245":{"start":{"line":246,"column":0},"end":{"line":246,"column":51}},"246":{"start":{"line":247,"column":0},"end":{"line":247,"column":5}},"248":{"start":{"line":249,"column":0},"end":{"line":249,"column":63}},"249":{"start":{"line":250,"column":0},"end":{"line":250,"column":72}},"250":{"start":{"line":251,"column":0},"end":{"line":251,"column":44}},"253":{"start":{"line":254,"column":0},"end":{"line":254,"column":81}},"254":{"start":{"line":255,"column":0},"end":{"line":255,"column":56}},"255":{"start":{"line":256,"column":0},"end":{"line":256,"column":5}},"257":{"start":{"line":258,"column":0},"end":{"line":258,"column":87}},"258":{"start":{"line":259,"column":0},"end":{"line":259,"column":59}},"259":{"start":{"line":260,"column":0},"end":{"line":260,"column":5}},"261":{"start":{"line":262,"column":0},"end":{"line":262,"column":21}},"262":{"start":{"line":263,"column":0},"end":{"line":263,"column":19}},"263":{"start":{"line":264,"column":0},"end":{"line":264,"column":74}},"264":{"start":{"line":265,"column":0},"end":{"line":265,"column":21}},"265":{"start":{"line":266,"column":0},"end":{"line":266,"column":3}},"266":{"start":{"line":267,"column":0},"end":{"line":267,"column":1}},"269":{"start":{"line":270,"column":0},"end":{"line":270,"column":65}},"271":{"start":{"line":272,"column":0},"end":{"line":272,"column":72}},"272":{"start":{"line":273,"column":0},"end":{"line":273,"column":70}},"273":{"start":{"line":274,"column":0},"end":{"line":274,"column":16}},"274":{"start":{"line":275,"column":0},"end":{"line":275,"column":3}},"277":{"start":{"line":278,"column":0},"end":{"line":278,"column":88}},"278":{"start":{"line":279,"column":0},"end":{"line":279,"column":78}},"279":{"start":{"line":280,"column":0},"end":{"line":280,"column":16}},"280":{"start":{"line":281,"column":0},"end":{"line":281,"column":3}},"283":{"start":{"line":284,"column":0},"end":{"line":284,"column":98}},"284":{"start":{"line":285,"column":0},"end":{"line":285,"column":69}},"285":{"start":{"line":286,"column":0},"end":{"line":286,"column":16}},"286":{"start":{"line":287,"column":0},"end":{"line":287,"column":3}},"288":{"start":{"line":289,"column":0},"end":{"line":289,"column":54}},"290":{"start":{"line":291,"column":0},"end":{"line":291,"column":29}},"291":{"start":{"line":292,"column":0},"end":{"line":292,"column":16}},"292":{"start":{"line":293,"column":0},"end":{"line":293,"column":75}},"293":{"start":{"line":294,"column":0},"end":{"line":294,"column":17}},"294":{"start":{"line":295,"column":0},"end":{"line":295,"column":3}},"296":{"start":{"line":297,"column":0},"end":{"line":297,"column":71}},"297":{"start":{"line":298,"column":0},"end":{"line":298,"column":59}},"298":{"start":{"line":299,"column":0},"end":{"line":299,"column":61}},"299":{"start":{"line":300,"column":0},"end":{"line":300,"column":17}},"300":{"start":{"line":301,"column":0},"end":{"line":301,"column":3}},"303":{"start":{"line":304,"column":0},"end":{"line":304,"column":76}},"304":{"start":{"line":305,"column":0},"end":{"line":305,"column":43}},"306":{"start":{"line":307,"column":0},"end":{"line":307,"column":26}},"307":{"start":{"line":308,"column":0},"end":{"line":308,"column":36}},"308":{"start":{"line":309,"column":0},"end":{"line":309,"column":34}},"309":{"start":{"line":310,"column":0},"end":{"line":310,"column":44}},"310":{"start":{"line":311,"column":0},"end":{"line":311,"column":36}},"311":{"start":{"line":312,"column":0},"end":{"line":312,"column":72}},"313":{"start":{"line":314,"column":0},"end":{"line":314,"column":83}},"316":{"start":{"line":317,"column":0},"end":{"line":317,"column":68}},"317":{"start":{"line":318,"column":0},"end":{"line":318,"column":64}},"318":{"start":{"line":319,"column":0},"end":{"line":319,"column":78}},"319":{"start":{"line":320,"column":0},"end":{"line":320,"column":16}},"320":{"start":{"line":321,"column":0},"end":{"line":321,"column":3}},"322":{"start":{"line":323,"column":0},"end":{"line":323,"column":84}},"323":{"start":{"line":324,"column":0},"end":{"line":324,"column":80}},"324":{"start":{"line":325,"column":0},"end":{"line":325,"column":86}},"325":{"start":{"line":326,"column":0},"end":{"line":326,"column":16}},"326":{"start":{"line":327,"column":0},"end":{"line":327,"column":3}},"329":{"start":{"line":330,"column":0},"end":{"line":330,"column":59}},"330":{"start":{"line":331,"column":0},"end":{"line":331,"column":46}},"331":{"start":{"line":332,"column":0},"end":{"line":332,"column":87}},"333":{"start":{"line":334,"column":0},"end":{"line":334,"column":9}},"334":{"start":{"line":335,"column":0},"end":{"line":335,"column":42}},"338":{"start":{"line":339,"column":0},"end":{"line":339,"column":53}},"341":{"start":{"line":342,"column":0},"end":{"line":342,"column":26}},"342":{"start":{"line":343,"column":0},"end":{"line":343,"column":80}},"343":{"start":{"line":344,"column":0},"end":{"line":344,"column":20}},"344":{"start":{"line":345,"column":0},"end":{"line":345,"column":7}},"347":{"start":{"line":348,"column":0},"end":{"line":348,"column":67}},"348":{"start":{"line":349,"column":0},"end":{"line":349,"column":51}},"351":{"start":{"line":352,"column":0},"end":{"line":352,"column":28}},"352":{"start":{"line":353,"column":0},"end":{"line":353,"column":82}},"353":{"start":{"line":354,"column":0},"end":{"line":354,"column":22}},"354":{"start":{"line":355,"column":0},"end":{"line":355,"column":9}},"355":{"start":{"line":356,"column":0},"end":{"line":356,"column":7}},"356":{"start":{"line":357,"column":0},"end":{"line":357,"column":21}},"357":{"start":{"line":358,"column":0},"end":{"line":358,"column":63}},"358":{"start":{"line":359,"column":0},"end":{"line":359,"column":5}},"359":{"start":{"line":360,"column":0},"end":{"line":360,"column":3}},"361":{"start":{"line":362,"column":0},"end":{"line":362,"column":56}},"362":{"start":{"line":363,"column":0},"end":{"line":363,"column":41}},"363":{"start":{"line":364,"column":0},"end":{"line":364,"column":15}},"364":{"start":{"line":365,"column":0},"end":{"line":365,"column":1}},"367":{"start":{"line":368,"column":0},"end":{"line":368,"column":55}},"371":{"start":{"line":372,"column":0},"end":{"line":372,"column":63}},"375":{"start":{"line":376,"column":0},"end":{"line":376,"column":18}},"376":{"start":{"line":377,"column":0},"end":{"line":377,"column":34}},"378":{"start":{"line":379,"column":0},"end":{"line":379,"column":24}},"380":{"start":{"line":381,"column":0},"end":{"line":381,"column":35}},"381":{"start":{"line":382,"column":0},"end":{"line":382,"column":10}},"383":{"start":{"line":384,"column":0},"end":{"line":384,"column":24}},"384":{"start":{"line":385,"column":0},"end":{"line":385,"column":22}},"385":{"start":{"line":386,"column":0},"end":{"line":386,"column":3}},"388":{"start":{"line":389,"column":0},"end":{"line":389,"column":27}},"390":{"start":{"line":391,"column":0},"end":{"line":391,"column":37}},"392":{"start":{"line":393,"column":0},"end":{"line":393,"column":32}},"394":{"start":{"line":395,"column":0},"end":{"line":395,"column":31}},"396":{"start":{"line":397,"column":0},"end":{"line":397,"column":36}},"402":{"start":{"line":403,"column":0},"end":{"line":403,"column":49}},"403":{"start":{"line":404,"column":0},"end":{"line":404,"column":46}},"405":{"start":{"line":406,"column":0},"end":{"line":406,"column":15}},"406":{"start":{"line":407,"column":0},"end":{"line":407,"column":1}},"408":{"start":{"line":409,"column":0},"end":{"line":409,"column":103}},"409":{"start":{"line":410,"column":0},"end":{"line":410,"column":44}},"410":{"start":{"line":411,"column":0},"end":{"line":411,"column":34}},"413":{"start":{"line":414,"column":0},"end":{"line":414,"column":52}},"414":{"start":{"line":415,"column":0},"end":{"line":415,"column":55}},"416":{"start":{"line":417,"column":0},"end":{"line":417,"column":55}},"417":{"start":{"line":418,"column":0},"end":{"line":418,"column":58}},"420":{"start":{"line":421,"column":0},"end":{"line":421,"column":30}},"421":{"start":{"line":422,"column":0},"end":{"line":422,"column":28}},"422":{"start":{"line":423,"column":0},"end":{"line":423,"column":43}},"423":{"start":{"line":424,"column":0},"end":{"line":424,"column":22}},"424":{"start":{"line":425,"column":0},"end":{"line":425,"column":16}},"425":{"start":{"line":426,"column":0},"end":{"line":426,"column":4}},"428":{"start":{"line":429,"column":0},"end":{"line":429,"column":27}},"429":{"start":{"line":430,"column":0},"end":{"line":430,"column":7}},"430":{"start":{"line":431,"column":0},"end":{"line":431,"column":83}},"431":{"start":{"line":432,"column":0},"end":{"line":432,"column":59}},"432":{"start":{"line":433,"column":0},"end":{"line":433,"column":19}},"433":{"start":{"line":434,"column":0},"end":{"line":434,"column":70}},"434":{"start":{"line":435,"column":0},"end":{"line":435,"column":20}},"435":{"start":{"line":436,"column":0},"end":{"line":436,"column":3}},"438":{"start":{"line":439,"column":0},"end":{"line":439,"column":19}},"439":{"start":{"line":440,"column":0},"end":{"line":440,"column":19}},"440":{"start":{"line":441,"column":0},"end":{"line":441,"column":23}},"441":{"start":{"line":442,"column":0},"end":{"line":442,"column":24}},"443":{"start":{"line":444,"column":0},"end":{"line":444,"column":77}},"447":{"start":{"line":448,"column":0},"end":{"line":448,"column":94}},"448":{"start":{"line":449,"column":0},"end":{"line":449,"column":20}},"449":{"start":{"line":450,"column":0},"end":{"line":450,"column":76}},"450":{"start":{"line":451,"column":0},"end":{"line":451,"column":64}},"451":{"start":{"line":452,"column":0},"end":{"line":452,"column":36}},"452":{"start":{"line":453,"column":0},"end":{"line":453,"column":93}},"453":{"start":{"line":454,"column":0},"end":{"line":454,"column":5}},"454":{"start":{"line":455,"column":0},"end":{"line":455,"column":3}},"457":{"start":{"line":458,"column":0},"end":{"line":458,"column":32}},"458":{"start":{"line":459,"column":0},"end":{"line":459,"column":62}},"459":{"start":{"line":460,"column":0},"end":{"line":460,"column":56}},"461":{"start":{"line":462,"column":0},"end":{"line":462,"column":84}},"462":{"start":{"line":463,"column":0},"end":{"line":463,"column":48}},"465":{"start":{"line":466,"column":0},"end":{"line":466,"column":75}},"466":{"start":{"line":467,"column":0},"end":{"line":467,"column":76}},"467":{"start":{"line":468,"column":0},"end":{"line":468,"column":85}},"469":{"start":{"line":470,"column":0},"end":{"line":470,"column":24}},"470":{"start":{"line":471,"column":0},"end":{"line":471,"column":65}},"471":{"start":{"line":472,"column":0},"end":{"line":472,"column":17}},"472":{"start":{"line":473,"column":0},"end":{"line":473,"column":15}},"473":{"start":{"line":474,"column":0},"end":{"line":474,"column":5}},"475":{"start":{"line":476,"column":0},"end":{"line":476,"column":55}},"476":{"start":{"line":477,"column":0},"end":{"line":477,"column":15}},"478":{"start":{"line":479,"column":0},"end":{"line":479,"column":30}},"479":{"start":{"line":480,"column":0},"end":{"line":480,"column":61}},"480":{"start":{"line":481,"column":0},"end":{"line":481,"column":73}},"481":{"start":{"line":482,"column":0},"end":{"line":482,"column":41}},"482":{"start":{"line":483,"column":0},"end":{"line":483,"column":21}},"483":{"start":{"line":484,"column":0},"end":{"line":484,"column":12}},"484":{"start":{"line":485,"column":0},"end":{"line":485,"column":56}},"485":{"start":{"line":486,"column":0},"end":{"line":486,"column":22}},"486":{"start":{"line":487,"column":0},"end":{"line":487,"column":43}},"487":{"start":{"line":488,"column":0},"end":{"line":488,"column":49}},"488":{"start":{"line":489,"column":0},"end":{"line":489,"column":40}},"489":{"start":{"line":490,"column":0},"end":{"line":490,"column":58}},"491":{"start":{"line":492,"column":0},"end":{"line":492,"column":26}},"492":{"start":{"line":493,"column":0},"end":{"line":493,"column":13}},"493":{"start":{"line":494,"column":0},"end":{"line":494,"column":71}},"494":{"start":{"line":495,"column":0},"end":{"line":495,"column":55}},"495":{"start":{"line":496,"column":0},"end":{"line":496,"column":90}},"497":{"start":{"line":498,"column":0},"end":{"line":498,"column":24}},"498":{"start":{"line":499,"column":0},"end":{"line":499,"column":42}},"499":{"start":{"line":500,"column":0},"end":{"line":500,"column":58}},"500":{"start":{"line":501,"column":0},"end":{"line":501,"column":31}},"502":{"start":{"line":503,"column":0},"end":{"line":503,"column":62}},"503":{"start":{"line":504,"column":0},"end":{"line":504,"column":77}},"504":{"start":{"line":505,"column":0},"end":{"line":505,"column":27}},"505":{"start":{"line":506,"column":0},"end":{"line":506,"column":17}},"507":{"start":{"line":508,"column":0},"end":{"line":508,"column":21}},"508":{"start":{"line":509,"column":0},"end":{"line":509,"column":35}},"509":{"start":{"line":510,"column":0},"end":{"line":510,"column":69}},"510":{"start":{"line":511,"column":0},"end":{"line":511,"column":104}},"511":{"start":{"line":512,"column":0},"end":{"line":512,"column":26}},"512":{"start":{"line":513,"column":0},"end":{"line":513,"column":84}},"513":{"start":{"line":514,"column":0},"end":{"line":514,"column":19}},"514":{"start":{"line":515,"column":0},"end":{"line":515,"column":56}},"517":{"start":{"line":518,"column":0},"end":{"line":518,"column":156}},"519":{"start":{"line":520,"column":0},"end":{"line":520,"column":76}},"522":{"start":{"line":523,"column":0},"end":{"line":523,"column":39}},"524":{"start":{"line":525,"column":0},"end":{"line":525,"column":68}},"525":{"start":{"line":526,"column":0},"end":{"line":526,"column":101}},"526":{"start":{"line":527,"column":0},"end":{"line":527,"column":33}},"527":{"start":{"line":528,"column":0},"end":{"line":528,"column":23}},"530":{"start":{"line":531,"column":0},"end":{"line":531,"column":55}},"531":{"start":{"line":532,"column":0},"end":{"line":532,"column":60}},"532":{"start":{"line":533,"column":0},"end":{"line":533,"column":48}},"533":{"start":{"line":534,"column":0},"end":{"line":534,"column":50}},"534":{"start":{"line":535,"column":0},"end":{"line":535,"column":66}},"535":{"start":{"line":536,"column":0},"end":{"line":536,"column":25}},"536":{"start":{"line":537,"column":0},"end":{"line":537,"column":24}},"538":{"start":{"line":539,"column":0},"end":{"line":539,"column":58}},"539":{"start":{"line":540,"column":0},"end":{"line":540,"column":63}},"540":{"start":{"line":541,"column":0},"end":{"line":541,"column":30}},"541":{"start":{"line":542,"column":0},"end":{"line":542,"column":49}},"542":{"start":{"line":543,"column":0},"end":{"line":543,"column":23}},"543":{"start":{"line":544,"column":0},"end":{"line":544,"column":21}},"546":{"start":{"line":547,"column":0},"end":{"line":547,"column":67}},"547":{"start":{"line":548,"column":0},"end":{"line":548,"column":89}},"548":{"start":{"line":549,"column":0},"end":{"line":549,"column":31}},"549":{"start":{"line":550,"column":0},"end":{"line":550,"column":21}},"552":{"start":{"line":553,"column":0},"end":{"line":553,"column":38}},"553":{"start":{"line":554,"column":0},"end":{"line":554,"column":98}},"554":{"start":{"line":555,"column":0},"end":{"line":555,"column":36}},"555":{"start":{"line":556,"column":0},"end":{"line":556,"column":49}},"556":{"start":{"line":557,"column":0},"end":{"line":557,"column":23}},"559":{"start":{"line":560,"column":0},"end":{"line":560,"column":27}},"560":{"start":{"line":561,"column":0},"end":{"line":561,"column":93}},"561":{"start":{"line":562,"column":0},"end":{"line":562,"column":92}},"562":{"start":{"line":563,"column":0},"end":{"line":563,"column":64}},"564":{"start":{"line":565,"column":0},"end":{"line":565,"column":102}},"565":{"start":{"line":566,"column":0},"end":{"line":566,"column":56}},"566":{"start":{"line":567,"column":0},"end":{"line":567,"column":25}},"567":{"start":{"line":568,"column":0},"end":{"line":568,"column":39}},"569":{"start":{"line":570,"column":0},"end":{"line":570,"column":23}},"570":{"start":{"line":571,"column":0},"end":{"line":571,"column":21}},"572":{"start":{"line":573,"column":0},"end":{"line":573,"column":53}},"573":{"start":{"line":574,"column":0},"end":{"line":574,"column":29}},"574":{"start":{"line":575,"column":0},"end":{"line":575,"column":19}},"577":{"start":{"line":578,"column":0},"end":{"line":578,"column":80}},"578":{"start":{"line":579,"column":0},"end":{"line":579,"column":63}},"579":{"start":{"line":580,"column":0},"end":{"line":580,"column":65}},"580":{"start":{"line":581,"column":0},"end":{"line":581,"column":25}},"581":{"start":{"line":582,"column":0},"end":{"line":582,"column":59}},"582":{"start":{"line":583,"column":0},"end":{"line":583,"column":65}},"583":{"start":{"line":584,"column":0},"end":{"line":584,"column":53}},"584":{"start":{"line":585,"column":0},"end":{"line":585,"column":28}},"585":{"start":{"line":586,"column":0},"end":{"line":586,"column":29}},"587":{"start":{"line":588,"column":0},"end":{"line":588,"column":21}},"588":{"start":{"line":589,"column":0},"end":{"line":589,"column":19}},"589":{"start":{"line":590,"column":0},"end":{"line":590,"column":33}},"590":{"start":{"line":591,"column":0},"end":{"line":591,"column":74}},"591":{"start":{"line":592,"column":0},"end":{"line":592,"column":17}},"592":{"start":{"line":593,"column":0},"end":{"line":593,"column":15}},"593":{"start":{"line":594,"column":0},"end":{"line":594,"column":13}},"594":{"start":{"line":595,"column":0},"end":{"line":595,"column":11}},"595":{"start":{"line":596,"column":0},"end":{"line":596,"column":25}},"596":{"start":{"line":597,"column":0},"end":{"line":597,"column":68}},"597":{"start":{"line":598,"column":0},"end":{"line":598,"column":9}},"598":{"start":{"line":599,"column":0},"end":{"line":599,"column":7}},"600":{"start":{"line":601,"column":0},"end":{"line":601,"column":34}},"601":{"start":{"line":602,"column":0},"end":{"line":602,"column":33}},"602":{"start":{"line":603,"column":0},"end":{"line":603,"column":25}},"603":{"start":{"line":604,"column":0},"end":{"line":604,"column":27}},"604":{"start":{"line":605,"column":0},"end":{"line":605,"column":86}},"605":{"start":{"line":606,"column":0},"end":{"line":606,"column":35}},"606":{"start":{"line":607,"column":0},"end":{"line":607,"column":49}},"607":{"start":{"line":608,"column":0},"end":{"line":608,"column":23}},"608":{"start":{"line":609,"column":0},"end":{"line":609,"column":26}},"609":{"start":{"line":610,"column":0},"end":{"line":610,"column":8}},"610":{"start":{"line":611,"column":0},"end":{"line":611,"column":40}},"611":{"start":{"line":612,"column":0},"end":{"line":612,"column":5}},"612":{"start":{"line":613,"column":0},"end":{"line":613,"column":3}},"615":{"start":{"line":616,"column":0},"end":{"line":616,"column":65}},"616":{"start":{"line":617,"column":0},"end":{"line":617,"column":48}},"617":{"start":{"line":618,"column":0},"end":{"line":618,"column":37}},"618":{"start":{"line":619,"column":0},"end":{"line":619,"column":37}},"619":{"start":{"line":620,"column":0},"end":{"line":620,"column":54}},"620":{"start":{"line":621,"column":0},"end":{"line":621,"column":49}},"621":{"start":{"line":622,"column":0},"end":{"line":622,"column":50}},"623":{"start":{"line":624,"column":0},"end":{"line":624,"column":18}},"624":{"start":{"line":625,"column":0},"end":{"line":625,"column":1}},"627":{"start":{"line":628,"column":0},"end":{"line":628,"column":54}},"628":{"start":{"line":629,"column":0},"end":{"line":629,"column":33}},"630":{"start":{"line":631,"column":0},"end":{"line":631,"column":37}},"631":{"start":{"line":632,"column":0},"end":{"line":632,"column":28}},"632":{"start":{"line":633,"column":0},"end":{"line":633,"column":25}},"633":{"start":{"line":634,"column":0},"end":{"line":634,"column":5}},"634":{"start":{"line":635,"column":0},"end":{"line":635,"column":24}},"635":{"start":{"line":636,"column":0},"end":{"line":636,"column":38}},"636":{"start":{"line":637,"column":0},"end":{"line":637,"column":5}},"637":{"start":{"line":638,"column":0},"end":{"line":638,"column":3}},"639":{"start":{"line":640,"column":0},"end":{"line":640,"column":17}},"640":{"start":{"line":641,"column":0},"end":{"line":641,"column":17}},"641":{"start":{"line":642,"column":0},"end":{"line":642,"column":1}},"644":{"start":{"line":645,"column":0},"end":{"line":645,"column":51}},"645":{"start":{"line":646,"column":0},"end":{"line":646,"column":41}},"646":{"start":{"line":647,"column":0},"end":{"line":647,"column":52}},"649":{"start":{"line":650,"column":0},"end":{"line":650,"column":28}},"650":{"start":{"line":651,"column":0},"end":{"line":651,"column":39}},"651":{"start":{"line":652,"column":0},"end":{"line":652,"column":5}},"654":{"start":{"line":655,"column":0},"end":{"line":655,"column":28}},"655":{"start":{"line":656,"column":0},"end":{"line":656,"column":60}},"656":{"start":{"line":657,"column":0},"end":{"line":657,"column":44}},"657":{"start":{"line":658,"column":0},"end":{"line":658,"column":51}},"658":{"start":{"line":659,"column":0},"end":{"line":659,"column":22}},"659":{"start":{"line":660,"column":0},"end":{"line":660,"column":36}},"660":{"start":{"line":661,"column":0},"end":{"line":661,"column":36}},"661":{"start":{"line":662,"column":0},"end":{"line":662,"column":11}},"662":{"start":{"line":663,"column":0},"end":{"line":663,"column":56}},"663":{"start":{"line":664,"column":0},"end":{"line":664,"column":47}},"664":{"start":{"line":665,"column":0},"end":{"line":665,"column":11}},"665":{"start":{"line":666,"column":0},"end":{"line":666,"column":9}},"666":{"start":{"line":667,"column":0},"end":{"line":667,"column":9}},"667":{"start":{"line":668,"column":0},"end":{"line":668,"column":5}},"668":{"start":{"line":669,"column":0},"end":{"line":669,"column":5}},"669":{"start":{"line":670,"column":0},"end":{"line":670,"column":1}},"671":{"start":{"line":672,"column":0},"end":{"line":672,"column":59}},"672":{"start":{"line":673,"column":0},"end":{"line":673,"column":26}},"674":{"start":{"line":675,"column":0},"end":{"line":675,"column":93}},"677":{"start":{"line":678,"column":0},"end":{"line":678,"column":56}},"678":{"start":{"line":679,"column":0},"end":{"line":679,"column":56}},"679":{"start":{"line":680,"column":0},"end":{"line":680,"column":5}},"682":{"start":{"line":683,"column":0},"end":{"line":683,"column":60}},"683":{"start":{"line":684,"column":0},"end":{"line":684,"column":58}},"684":{"start":{"line":685,"column":0},"end":{"line":685,"column":5}},"687":{"start":{"line":688,"column":0},"end":{"line":688,"column":74}},"689":{"start":{"line":690,"column":0},"end":{"line":690,"column":121}},"690":{"start":{"line":691,"column":0},"end":{"line":691,"column":124}},"692":{"start":{"line":693,"column":0},"end":{"line":693,"column":87}},"693":{"start":{"line":694,"column":0},"end":{"line":694,"column":80}},"694":{"start":{"line":695,"column":0},"end":{"line":695,"column":5}},"697":{"start":{"line":698,"column":0},"end":{"line":698,"column":47}},"698":{"start":{"line":699,"column":0},"end":{"line":699,"column":3}},"701":{"start":{"line":702,"column":0},"end":{"line":702,"column":22}},"702":{"start":{"line":703,"column":0},"end":{"line":703,"column":40}},"703":{"start":{"line":704,"column":0},"end":{"line":704,"column":33}},"704":{"start":{"line":705,"column":0},"end":{"line":705,"column":5}},"705":{"start":{"line":706,"column":0},"end":{"line":706,"column":3}},"706":{"start":{"line":707,"column":0},"end":{"line":707,"column":1}},"709":{"start":{"line":710,"column":0},"end":{"line":710,"column":102}},"710":{"start":{"line":711,"column":0},"end":{"line":711,"column":54}},"711":{"start":{"line":712,"column":0},"end":{"line":712,"column":61}},"712":{"start":{"line":713,"column":0},"end":{"line":713,"column":45}},"714":{"start":{"line":715,"column":0},"end":{"line":715,"column":58}},"715":{"start":{"line":716,"column":0},"end":{"line":716,"column":56}},"716":{"start":{"line":717,"column":0},"end":{"line":717,"column":48}},"719":{"start":{"line":720,"column":0},"end":{"line":720,"column":53}},"720":{"start":{"line":721,"column":0},"end":{"line":721,"column":59}},"721":{"start":{"line":722,"column":0},"end":{"line":722,"column":62}},"722":{"start":{"line":723,"column":0},"end":{"line":723,"column":18}},"723":{"start":{"line":724,"column":0},"end":{"line":724,"column":5}},"726":{"start":{"line":727,"column":0},"end":{"line":727,"column":81}},"727":{"start":{"line":728,"column":0},"end":{"line":728,"column":70}},"728":{"start":{"line":729,"column":0},"end":{"line":729,"column":62}},"729":{"start":{"line":730,"column":0},"end":{"line":730,"column":18}},"730":{"start":{"line":731,"column":0},"end":{"line":731,"column":5}},"733":{"start":{"line":734,"column":0},"end":{"line":734,"column":111}},"734":{"start":{"line":735,"column":0},"end":{"line":735,"column":65}},"735":{"start":{"line":736,"column":0},"end":{"line":736,"column":62}},"736":{"start":{"line":737,"column":0},"end":{"line":737,"column":18}},"737":{"start":{"line":738,"column":0},"end":{"line":738,"column":5}},"740":{"start":{"line":741,"column":0},"end":{"line":741,"column":69}},"741":{"start":{"line":742,"column":0},"end":{"line":742,"column":67}},"742":{"start":{"line":743,"column":0},"end":{"line":743,"column":64}},"743":{"start":{"line":744,"column":0},"end":{"line":744,"column":56}},"744":{"start":{"line":745,"column":0},"end":{"line":745,"column":62}},"745":{"start":{"line":746,"column":0},"end":{"line":746,"column":18}},"746":{"start":{"line":747,"column":0},"end":{"line":747,"column":5}},"748":{"start":{"line":749,"column":0},"end":{"line":749,"column":44}},"749":{"start":{"line":750,"column":0},"end":{"line":750,"column":42}},"750":{"start":{"line":751,"column":0},"end":{"line":751,"column":42}},"751":{"start":{"line":752,"column":0},"end":{"line":752,"column":22}},"752":{"start":{"line":753,"column":0},"end":{"line":753,"column":9}},"753":{"start":{"line":754,"column":0},"end":{"line":754,"column":7}},"754":{"start":{"line":755,"column":0},"end":{"line":755,"column":5}},"756":{"start":{"line":757,"column":0},"end":{"line":757,"column":17}},"757":{"start":{"line":758,"column":0},"end":{"line":758,"column":3}},"759":{"start":{"line":760,"column":0},"end":{"line":760,"column":40}},"760":{"start":{"line":761,"column":0},"end":{"line":761,"column":1}},"762":{"start":{"line":763,"column":0},"end":{"line":763,"column":74}},"763":{"start":{"line":764,"column":0},"end":{"line":764,"column":52}},"764":{"start":{"line":765,"column":0},"end":{"line":765,"column":55}},"767":{"start":{"line":768,"column":0},"end":{"line":768,"column":62}},"768":{"start":{"line":769,"column":0},"end":{"line":769,"column":17}},"769":{"start":{"line":770,"column":0},"end":{"line":770,"column":3}},"772":{"start":{"line":773,"column":0},"end":{"line":773,"column":30}},"773":{"start":{"line":774,"column":0},"end":{"line":774,"column":28}},"774":{"start":{"line":775,"column":0},"end":{"line":775,"column":43}},"775":{"start":{"line":776,"column":0},"end":{"line":776,"column":22}},"776":{"start":{"line":777,"column":0},"end":{"line":777,"column":16}},"777":{"start":{"line":778,"column":0},"end":{"line":778,"column":4}},"780":{"start":{"line":781,"column":0},"end":{"line":781,"column":44}},"781":{"start":{"line":782,"column":0},"end":{"line":782,"column":56}},"782":{"start":{"line":783,"column":0},"end":{"line":783,"column":36}},"783":{"start":{"line":784,"column":0},"end":{"line":784,"column":5}},"784":{"start":{"line":785,"column":0},"end":{"line":785,"column":3}},"786":{"start":{"line":787,"column":0},"end":{"line":787,"column":18}},"787":{"start":{"line":788,"column":0},"end":{"line":788,"column":1}},"789":{"start":{"line":790,"column":0},"end":{"line":790,"column":92}},"790":{"start":{"line":791,"column":0},"end":{"line":791,"column":56}},"791":{"start":{"line":792,"column":0},"end":{"line":792,"column":50}},"793":{"start":{"line":794,"column":0},"end":{"line":794,"column":74}},"795":{"start":{"line":796,"column":0},"end":{"line":796,"column":74}},"796":{"start":{"line":797,"column":0},"end":{"line":797,"column":71}},"798":{"start":{"line":799,"column":0},"end":{"line":799,"column":54}},"799":{"start":{"line":800,"column":0},"end":{"line":800,"column":18}},"800":{"start":{"line":801,"column":0},"end":{"line":801,"column":5}},"802":{"start":{"line":803,"column":0},"end":{"line":803,"column":24}},"803":{"start":{"line":804,"column":0},"end":{"line":804,"column":42}},"804":{"start":{"line":805,"column":0},"end":{"line":805,"column":50}},"805":{"start":{"line":806,"column":0},"end":{"line":806,"column":32}},"806":{"start":{"line":807,"column":0},"end":{"line":807,"column":7}},"807":{"start":{"line":808,"column":0},"end":{"line":808,"column":5}},"809":{"start":{"line":810,"column":0},"end":{"line":810,"column":16}},"810":{"start":{"line":811,"column":0},"end":{"line":811,"column":3}},"812":{"start":{"line":813,"column":0},"end":{"line":813,"column":49}},"813":{"start":{"line":814,"column":0},"end":{"line":814,"column":1}},"821":{"start":{"line":822,"column":0},"end":{"line":822,"column":92}},"822":{"start":{"line":823,"column":0},"end":{"line":823,"column":25}},"824":{"start":{"line":825,"column":0},"end":{"line":825,"column":57}},"825":{"start":{"line":826,"column":0},"end":{"line":826,"column":54}},"828":{"start":{"line":829,"column":0},"end":{"line":829,"column":52}},"829":{"start":{"line":830,"column":0},"end":{"line":830,"column":16}},"830":{"start":{"line":831,"column":0},"end":{"line":831,"column":3}},"833":{"start":{"line":834,"column":0},"end":{"line":834,"column":42}},"834":{"start":{"line":835,"column":0},"end":{"line":835,"column":40}},"835":{"start":{"line":836,"column":0},"end":{"line":836,"column":54}},"836":{"start":{"line":837,"column":0},"end":{"line":837,"column":18}},"837":{"start":{"line":838,"column":0},"end":{"line":838,"column":21}},"838":{"start":{"line":839,"column":0},"end":{"line":839,"column":7}},"839":{"start":{"line":840,"column":0},"end":{"line":840,"column":5}},"840":{"start":{"line":841,"column":0},"end":{"line":841,"column":3}},"843":{"start":{"line":844,"column":0},"end":{"line":844,"column":14}},"844":{"start":{"line":845,"column":0},"end":{"line":845,"column":1}},"850":{"start":{"line":851,"column":0},"end":{"line":851,"column":149}},"851":{"start":{"line":852,"column":0},"end":{"line":852,"column":48}},"852":{"start":{"line":853,"column":0},"end":{"line":853,"column":36}},"853":{"start":{"line":854,"column":0},"end":{"line":854,"column":54}},"854":{"start":{"line":855,"column":0},"end":{"line":855,"column":37}},"855":{"start":{"line":856,"column":0},"end":{"line":856,"column":39}},"857":{"start":{"line":858,"column":0},"end":{"line":858,"column":16}},"858":{"start":{"line":859,"column":0},"end":{"line":859,"column":10}},"859":{"start":{"line":860,"column":0},"end":{"line":860,"column":68}},"860":{"start":{"line":861,"column":0},"end":{"line":861,"column":17}},"861":{"start":{"line":862,"column":0},"end":{"line":862,"column":57}},"862":{"start":{"line":863,"column":0},"end":{"line":863,"column":103}},"863":{"start":{"line":864,"column":0},"end":{"line":864,"column":26}},"865":{"start":{"line":866,"column":0},"end":{"line":866,"column":58}},"866":{"start":{"line":867,"column":0},"end":{"line":867,"column":90}},"867":{"start":{"line":868,"column":0},"end":{"line":868,"column":23}},"868":{"start":{"line":869,"column":0},"end":{"line":869,"column":13}},"870":{"start":{"line":871,"column":0},"end":{"line":871,"column":17}},"871":{"start":{"line":872,"column":0},"end":{"line":872,"column":90}},"872":{"start":{"line":873,"column":0},"end":{"line":873,"column":75}},"875":{"start":{"line":876,"column":0},"end":{"line":876,"column":134}},"876":{"start":{"line":877,"column":0},"end":{"line":877,"column":86}},"879":{"start":{"line":880,"column":0},"end":{"line":880,"column":67}},"880":{"start":{"line":881,"column":0},"end":{"line":881,"column":106}},"881":{"start":{"line":882,"column":0},"end":{"line":882,"column":31}},"882":{"start":{"line":883,"column":0},"end":{"line":883,"column":21}},"884":{"start":{"line":885,"column":0},"end":{"line":885,"column":90}},"885":{"start":{"line":886,"column":0},"end":{"line":886,"column":34}},"886":{"start":{"line":887,"column":0},"end":{"line":887,"column":47}},"887":{"start":{"line":888,"column":0},"end":{"line":888,"column":21}},"888":{"start":{"line":889,"column":0},"end":{"line":889,"column":53}},"889":{"start":{"line":890,"column":0},"end":{"line":890,"column":24}},"891":{"start":{"line":892,"column":0},"end":{"line":892,"column":25}},"892":{"start":{"line":893,"column":0},"end":{"line":893,"column":70}},"893":{"start":{"line":894,"column":0},"end":{"line":894,"column":64}},"894":{"start":{"line":895,"column":0},"end":{"line":895,"column":29}},"896":{"start":{"line":897,"column":0},"end":{"line":897,"column":21}},"897":{"start":{"line":898,"column":0},"end":{"line":898,"column":17}},"898":{"start":{"line":899,"column":0},"end":{"line":899,"column":36}},"899":{"start":{"line":900,"column":0},"end":{"line":900,"column":112}},"900":{"start":{"line":901,"column":0},"end":{"line":901,"column":13}},"901":{"start":{"line":902,"column":0},"end":{"line":902,"column":10}},"902":{"start":{"line":903,"column":0},"end":{"line":903,"column":8}},"903":{"start":{"line":904,"column":0},"end":{"line":904,"column":26}},"904":{"start":{"line":905,"column":0},"end":{"line":905,"column":76}},"905":{"start":{"line":906,"column":0},"end":{"line":906,"column":6}},"906":{"start":{"line":907,"column":0},"end":{"line":907,"column":3}},"907":{"start":{"line":908,"column":0},"end":{"line":908,"column":111}},"908":{"start":{"line":909,"column":0},"end":{"line":909,"column":47}},"909":{"start":{"line":910,"column":0},"end":{"line":910,"column":1}},"920":{"start":{"line":921,"column":0},"end":{"line":921,"column":34}},"921":{"start":{"line":922,"column":0},"end":{"line":922,"column":21}},"922":{"start":{"line":923,"column":0},"end":{"line":923,"column":29}},"923":{"start":{"line":924,"column":0},"end":{"line":924,"column":29}},"924":{"start":{"line":925,"column":0},"end":{"line":925,"column":18}},"925":{"start":{"line":926,"column":0},"end":{"line":926,"column":53}},"928":{"start":{"line":929,"column":0},"end":{"line":929,"column":110}},"931":{"start":{"line":932,"column":0},"end":{"line":932,"column":53}},"932":{"start":{"line":933,"column":0},"end":{"line":933,"column":63}},"934":{"start":{"line":935,"column":0},"end":{"line":935,"column":47}},"935":{"start":{"line":936,"column":0},"end":{"line":936,"column":89}},"937":{"start":{"line":938,"column":0},"end":{"line":938,"column":11}},"938":{"start":{"line":939,"column":0},"end":{"line":939,"column":3}},"941":{"start":{"line":942,"column":0},"end":{"line":942,"column":93}},"942":{"start":{"line":943,"column":0},"end":{"line":943,"column":68}},"943":{"start":{"line":944,"column":0},"end":{"line":944,"column":11}},"944":{"start":{"line":945,"column":0},"end":{"line":945,"column":3}},"946":{"start":{"line":947,"column":0},"end":{"line":947,"column":7}},"948":{"start":{"line":949,"column":0},"end":{"line":949,"column":60}},"949":{"start":{"line":950,"column":0},"end":{"line":950,"column":38}},"950":{"start":{"line":951,"column":0},"end":{"line":951,"column":53}},"951":{"start":{"line":952,"column":0},"end":{"line":952,"column":32}},"952":{"start":{"line":953,"column":0},"end":{"line":953,"column":60}},"953":{"start":{"line":954,"column":0},"end":{"line":954,"column":37}},"954":{"start":{"line":955,"column":0},"end":{"line":955,"column":28}},"955":{"start":{"line":956,"column":0},"end":{"line":956,"column":25}},"959":{"start":{"line":960,"column":0},"end":{"line":960,"column":110}},"960":{"start":{"line":961,"column":0},"end":{"line":961,"column":40}},"961":{"start":{"line":962,"column":0},"end":{"line":962,"column":54}},"966":{"start":{"line":967,"column":0},"end":{"line":967,"column":85}},"969":{"start":{"line":970,"column":0},"end":{"line":970,"column":31}},"970":{"start":{"line":971,"column":0},"end":{"line":971,"column":31}},"971":{"start":{"line":972,"column":0},"end":{"line":972,"column":5}},"972":{"start":{"line":973,"column":0},"end":{"line":973,"column":38}},"973":{"start":{"line":974,"column":0},"end":{"line":974,"column":84}},"976":{"start":{"line":977,"column":0},"end":{"line":977,"column":82}},"981":{"start":{"line":982,"column":0},"end":{"line":982,"column":77}},"982":{"start":{"line":983,"column":0},"end":{"line":983,"column":134}},"986":{"start":{"line":987,"column":0},"end":{"line":987,"column":72}},"988":{"start":{"line":989,"column":0},"end":{"line":989,"column":24}},"989":{"start":{"line":990,"column":0},"end":{"line":990,"column":34}},"990":{"start":{"line":991,"column":0},"end":{"line":991,"column":121}},"991":{"start":{"line":992,"column":0},"end":{"line":992,"column":12}},"992":{"start":{"line":993,"column":0},"end":{"line":993,"column":81}},"993":{"start":{"line":994,"column":0},"end":{"line":994,"column":5}},"994":{"start":{"line":995,"column":0},"end":{"line":995,"column":3}},"995":{"start":{"line":996,"column":0},"end":{"line":996,"column":1}},"1005":{"start":{"line":1006,"column":0},"end":{"line":1006,"column":37}},"1006":{"start":{"line":1007,"column":0},"end":{"line":1007,"column":21}},"1007":{"start":{"line":1008,"column":0},"end":{"line":1008,"column":29}},"1008":{"start":{"line":1009,"column":0},"end":{"line":1009,"column":29}},"1009":{"start":{"line":1010,"column":0},"end":{"line":1010,"column":18}},"1011":{"start":{"line":1012,"column":0},"end":{"line":1012,"column":34}},"1012":{"start":{"line":1013,"column":0},"end":{"line":1013,"column":35}},"1013":{"start":{"line":1014,"column":0},"end":{"line":1014,"column":62}},"1014":{"start":{"line":1015,"column":0},"end":{"line":1015,"column":105}},"1015":{"start":{"line":1016,"column":0},"end":{"line":1016,"column":3}},"1017":{"start":{"line":1018,"column":0},"end":{"line":1018,"column":61}},"1018":{"start":{"line":1019,"column":0},"end":{"line":1019,"column":118}},"1024":{"start":{"line":1025,"column":0},"end":{"line":1025,"column":74}},"1027":{"start":{"line":1028,"column":0},"end":{"line":1028,"column":50}},"1028":{"start":{"line":1029,"column":0},"end":{"line":1029,"column":77}},"1031":{"start":{"line":1032,"column":0},"end":{"line":1032,"column":55}},"1032":{"start":{"line":1033,"column":0},"end":{"line":1033,"column":76}},"1035":{"start":{"line":1036,"column":0},"end":{"line":1036,"column":57}},"1036":{"start":{"line":1037,"column":0},"end":{"line":1037,"column":49}},"1037":{"start":{"line":1038,"column":0},"end":{"line":1038,"column":64}},"1038":{"start":{"line":1039,"column":0},"end":{"line":1039,"column":6}},"1040":{"start":{"line":1041,"column":0},"end":{"line":1041,"column":21}},"1041":{"start":{"line":1042,"column":0},"end":{"line":1042,"column":73}},"1043":{"start":{"line":1044,"column":0},"end":{"line":1044,"column":80}},"1044":{"start":{"line":1045,"column":0},"end":{"line":1045,"column":5}},"1047":{"start":{"line":1048,"column":0},"end":{"line":1048,"column":89}},"1048":{"start":{"line":1049,"column":0},"end":{"line":1049,"column":11}},"1049":{"start":{"line":1050,"column":0},"end":{"line":1050,"column":3}},"1051":{"start":{"line":1052,"column":0},"end":{"line":1052,"column":69}},"1054":{"start":{"line":1055,"column":0},"end":{"line":1055,"column":53}},"1055":{"start":{"line":1056,"column":0},"end":{"line":1056,"column":63}},"1056":{"start":{"line":1057,"column":0},"end":{"line":1057,"column":71}},"1057":{"start":{"line":1058,"column":0},"end":{"line":1058,"column":92}},"1058":{"start":{"line":1059,"column":0},"end":{"line":1059,"column":11}},"1059":{"start":{"line":1060,"column":0},"end":{"line":1060,"column":3}},"1061":{"start":{"line":1062,"column":0},"end":{"line":1062,"column":64}},"1064":{"start":{"line":1065,"column":0},"end":{"line":1065,"column":74}},"1065":{"start":{"line":1066,"column":0},"end":{"line":1066,"column":102}},"1068":{"start":{"line":1069,"column":0},"end":{"line":1069,"column":105}},"1069":{"start":{"line":1070,"column":0},"end":{"line":1070,"column":19}},"1070":{"start":{"line":1071,"column":0},"end":{"line":1071,"column":41}},"1071":{"start":{"line":1072,"column":0},"end":{"line":1072,"column":87}},"1072":{"start":{"line":1073,"column":0},"end":{"line":1073,"column":10}},"1073":{"start":{"line":1074,"column":0},"end":{"line":1074,"column":88}},"1075":{"start":{"line":1076,"column":0},"end":{"line":1076,"column":3}},"1078":{"start":{"line":1079,"column":0},"end":{"line":1079,"column":87}},"1081":{"start":{"line":1082,"column":0},"end":{"line":1082,"column":86}},"1084":{"start":{"line":1085,"column":0},"end":{"line":1085,"column":25}},"1085":{"start":{"line":1086,"column":0},"end":{"line":1086,"column":69}},"1086":{"start":{"line":1087,"column":0},"end":{"line":1087,"column":74}},"1087":{"start":{"line":1088,"column":0},"end":{"line":1088,"column":4}},"1088":{"start":{"line":1089,"column":0},"end":{"line":1089,"column":118}},"1092":{"start":{"line":1093,"column":0},"end":{"line":1093,"column":75}},"1093":{"start":{"line":1094,"column":0},"end":{"line":1094,"column":1}},"1102":{"start":{"line":1103,"column":0},"end":{"line":1103,"column":79}},"1104":{"start":{"line":1105,"column":0},"end":{"line":1105,"column":71}},"1107":{"start":{"line":1108,"column":0},"end":{"line":1108,"column":56}},"1108":{"start":{"line":1109,"column":0},"end":{"line":1109,"column":29}},"1109":{"start":{"line":1110,"column":0},"end":{"line":1110,"column":50}},"1110":{"start":{"line":1111,"column":0},"end":{"line":1111,"column":4}},"1113":{"start":{"line":1114,"column":0},"end":{"line":1114,"column":57}},"1114":{"start":{"line":1115,"column":0},"end":{"line":1115,"column":28}},"1115":{"start":{"line":1116,"column":0},"end":{"line":1116,"column":49}},"1116":{"start":{"line":1117,"column":0},"end":{"line":1117,"column":4}},"1119":{"start":{"line":1120,"column":0},"end":{"line":1120,"column":50}},"1120":{"start":{"line":1121,"column":0},"end":{"line":1121,"column":28}},"1121":{"start":{"line":1122,"column":0},"end":{"line":1122,"column":94}},"1122":{"start":{"line":1123,"column":0},"end":{"line":1123,"column":97}},"1123":{"start":{"line":1124,"column":0},"end":{"line":1124,"column":88}},"1124":{"start":{"line":1125,"column":0},"end":{"line":1125,"column":81}},"1125":{"start":{"line":1126,"column":0},"end":{"line":1126,"column":4}},"1128":{"start":{"line":1129,"column":0},"end":{"line":1129,"column":60}},"1129":{"start":{"line":1130,"column":0},"end":{"line":1130,"column":1}},"1136":{"start":{"line":1137,"column":0},"end":{"line":1137,"column":103}},"1137":{"start":{"line":1138,"column":0},"end":{"line":1138,"column":88}},"1141":{"start":{"line":1142,"column":0},"end":{"line":1142,"column":56}},"1142":{"start":{"line":1143,"column":0},"end":{"line":1143,"column":92}},"1143":{"start":{"line":1144,"column":0},"end":{"line":1144,"column":45}},"1145":{"start":{"line":1146,"column":0},"end":{"line":1146,"column":37}},"1146":{"start":{"line":1147,"column":0},"end":{"line":1147,"column":38}},"1147":{"start":{"line":1148,"column":0},"end":{"line":1148,"column":12}},"1148":{"start":{"line":1149,"column":0},"end":{"line":1149,"column":60}},"1149":{"start":{"line":1150,"column":0},"end":{"line":1150,"column":53}},"1150":{"start":{"line":1151,"column":0},"end":{"line":1151,"column":106}},"1151":{"start":{"line":1152,"column":0},"end":{"line":1152,"column":12}},"1152":{"start":{"line":1153,"column":0},"end":{"line":1153,"column":15}},"1154":{"start":{"line":1155,"column":0},"end":{"line":1155,"column":8}},"1155":{"start":{"line":1156,"column":0},"end":{"line":1156,"column":4}},"1157":{"start":{"line":1158,"column":0},"end":{"line":1158,"column":1}},"1164":{"start":{"line":1165,"column":0},"end":{"line":1165,"column":109}},"1165":{"start":{"line":1166,"column":0},"end":{"line":1166,"column":96}},"1169":{"start":{"line":1170,"column":0},"end":{"line":1170,"column":61}},"1170":{"start":{"line":1171,"column":0},"end":{"line":1171,"column":85}},"1171":{"start":{"line":1172,"column":0},"end":{"line":1172,"column":46}},"1173":{"start":{"line":1174,"column":0},"end":{"line":1174,"column":37}},"1174":{"start":{"line":1175,"column":0},"end":{"line":1175,"column":75}},"1175":{"start":{"line":1176,"column":0},"end":{"line":1176,"column":33}},"1176":{"start":{"line":1177,"column":0},"end":{"line":1177,"column":56}},"1177":{"start":{"line":1178,"column":0},"end":{"line":1178,"column":121}},"1178":{"start":{"line":1179,"column":0},"end":{"line":1179,"column":17}},"1179":{"start":{"line":1180,"column":0},"end":{"line":1180,"column":13}},"1180":{"start":{"line":1181,"column":0},"end":{"line":1181,"column":9}},"1181":{"start":{"line":1182,"column":0},"end":{"line":1182,"column":5}},"1182":{"start":{"line":1183,"column":0},"end":{"line":1183,"column":1}},"1189":{"start":{"line":1190,"column":0},"end":{"line":1190,"column":108}},"1190":{"start":{"line":1191,"column":0},"end":{"line":1191,"column":94}},"1194":{"start":{"line":1195,"column":0},"end":{"line":1195,"column":64}},"1195":{"start":{"line":1196,"column":0},"end":{"line":1196,"column":74}},"1196":{"start":{"line":1197,"column":0},"end":{"line":1197,"column":55}},"1198":{"start":{"line":1199,"column":0},"end":{"line":1199,"column":43}},"1199":{"start":{"line":1200,"column":0},"end":{"line":1200,"column":77}},"1200":{"start":{"line":1201,"column":0},"end":{"line":1201,"column":114}},"1201":{"start":{"line":1202,"column":0},"end":{"line":1202,"column":32}},"1202":{"start":{"line":1203,"column":0},"end":{"line":1203,"column":62}},"1203":{"start":{"line":1204,"column":0},"end":{"line":1204,"column":124}},"1204":{"start":{"line":1205,"column":0},"end":{"line":1205,"column":16}},"1205":{"start":{"line":1206,"column":0},"end":{"line":1206,"column":12}},"1206":{"start":{"line":1207,"column":0},"end":{"line":1207,"column":8}},"1207":{"start":{"line":1208,"column":0},"end":{"line":1208,"column":4}},"1208":{"start":{"line":1209,"column":0},"end":{"line":1209,"column":1}},"1217":{"start":{"line":1218,"column":0},"end":{"line":1218,"column":48}},"1218":{"start":{"line":1219,"column":0},"end":{"line":1219,"column":28}},"1219":{"start":{"line":1220,"column":0},"end":{"line":1220,"column":29}},"1220":{"start":{"line":1221,"column":0},"end":{"line":1221,"column":29}},"1221":{"start":{"line":1222,"column":0},"end":{"line":1222,"column":18}},"1222":{"start":{"line":1223,"column":0},"end":{"line":1223,"column":113}},"1225":{"start":{"line":1226,"column":0},"end":{"line":1226,"column":71}},"1227":{"start":{"line":1228,"column":0},"end":{"line":1228,"column":39}},"1228":{"start":{"line":1229,"column":0},"end":{"line":1229,"column":58}},"1229":{"start":{"line":1230,"column":0},"end":{"line":1230,"column":36}},"1230":{"start":{"line":1231,"column":0},"end":{"line":1231,"column":45}},"1232":{"start":{"line":1233,"column":0},"end":{"line":1233,"column":74}},"1233":{"start":{"line":1234,"column":0},"end":{"line":1234,"column":46}},"1234":{"start":{"line":1235,"column":0},"end":{"line":1235,"column":132}},"1236":{"start":{"line":1237,"column":0},"end":{"line":1237,"column":8}},"1237":{"start":{"line":1238,"column":0},"end":{"line":1238,"column":12}},"1239":{"start":{"line":1240,"column":0},"end":{"line":1240,"column":5}},"1240":{"start":{"line":1241,"column":0},"end":{"line":1241,"column":3}},"1241":{"start":{"line":1242,"column":0},"end":{"line":1242,"column":1}},"1251":{"start":{"line":1252,"column":0},"end":{"line":1252,"column":130}},"1253":{"start":{"line":1254,"column":0},"end":{"line":1254,"column":34}},"1254":{"start":{"line":1255,"column":0},"end":{"line":1255,"column":35}},"1255":{"start":{"line":1256,"column":0},"end":{"line":1256,"column":62}},"1256":{"start":{"line":1257,"column":0},"end":{"line":1257,"column":111}},"1257":{"start":{"line":1258,"column":0},"end":{"line":1258,"column":3}},"1259":{"start":{"line":1260,"column":0},"end":{"line":1260,"column":61}},"1260":{"start":{"line":1261,"column":0},"end":{"line":1261,"column":83}},"1263":{"start":{"line":1264,"column":0},"end":{"line":1264,"column":68}},"1264":{"start":{"line":1265,"column":0},"end":{"line":1265,"column":77}},"1265":{"start":{"line":1266,"column":0},"end":{"line":1266,"column":39}},"1268":{"start":{"line":1269,"column":0},"end":{"line":1269,"column":78}},"1269":{"start":{"line":1270,"column":0},"end":{"line":1270,"column":110}},"1270":{"start":{"line":1271,"column":0},"end":{"line":1271,"column":1}}},"s":{"1":1,"2":1,"4":1,"6":1,"8":1,"14":1,"15":28,"17":27,"19":28,"22":28,"26":28,"29":28,"32":28,"35":28,"36":28,"37":0,"39":0,"40":0,"41":28,"43":1,"44":5,"45":5,"47":1,"48":1,"49":1,"51":1,"52":1,"53":1,"54":1,"55":1,"56":1,"57":1,"58":1,"59":1,"60":1,"61":1,"62":1,"63":1,"64":1,"65":1,"66":1,"67":1,"68":1,"74":0,"76":0,"77":0,"78":0,"79":0,"82":0,"83":0,"86":0,"87":0,"89":0,"90":0,"93":0,"94":0,"95":0,"96":0,"97":0,"100":0,"101":0,"102":0,"103":0,"104":0,"107":0,"108":0,"109":0,"110":0,"111":0,"114":0,"115":0,"116":0,"117":0,"119":0,"120":0,"121":0,"122":0,"123":0,"124":0,"127":0,"128":0,"129":0,"130":0,"131":0,"132":0,"133":0,"134":0,"135":0,"136":0,"138":0,"139":0,"140":0,"141":0,"142":0,"143":0,"144":0,"146":0,"147":0,"148":0,"149":0,"150":0,"151":0,"152":0,"153":0,"154":0,"155":0,"156":0,"157":0,"158":0,"159":0,"160":0,"161":0,"162":0,"163":0,"164":0,"165":0,"166":0,"167":0,"168":0,"171":0,"172":0,"173":0,"174":0,"175":0,"178":0,"179":0,"180":0,"181":0,"182":0,"183":0,"184":0,"185":0,"186":0,"189":0,"190":0,"191":0,"192":0,"193":0,"194":0,"195":0,"196":0,"199":0,"200":0,"203":0,"205":0,"206":0,"207":0,"208":0,"211":0,"212":0,"213":0,"214":0,"217":0,"218":0,"219":0,"220":0,"223":0,"224":0,"225":0,"226":0,"228":0,"229":0,"232":0,"233":0,"235":0,"236":0,"238":0,"239":0,"241":0,"242":0,"243":0,"245":0,"246":0,"248":0,"249":0,"250":0,"253":0,"254":0,"255":0,"257":0,"258":0,"259":0,"261":0,"262":0,"263":0,"264":0,"265":0,"266":0,"269":0,"271":0,"272":0,"273":0,"274":0,"277":0,"278":0,"279":0,"280":0,"283":0,"284":0,"285":0,"286":0,"288":0,"290":0,"291":0,"292":0,"293":0,"294":0,"296":0,"297":0,"298":0,"299":0,"300":0,"303":0,"304":0,"306":0,"307":0,"308":0,"309":0,"310":0,"311":0,"313":0,"316":0,"317":0,"318":0,"319":0,"320":0,"322":0,"323":0,"324":0,"325":0,"326":0,"329":0,"330":0,"331":0,"333":0,"334":0,"338":0,"341":0,"342":0,"343":0,"344":0,"347":0,"348":0,"351":0,"352":0,"353":0,"354":0,"355":0,"356":0,"357":0,"358":0,"359":0,"361":0,"362":0,"363":0,"364":0,"367":1,"371":18,"375":18,"376":18,"378":2,"380":2,"381":18,"383":16,"384":16,"385":16,"388":18,"390":18,"392":18,"394":18,"396":18,"402":18,"403":18,"405":18,"406":18,"408":0,"409":0,"410":0,"413":0,"414":0,"416":0,"417":0,"420":0,"421":0,"422":0,"423":0,"424":0,"425":0,"428":0,"429":0,"430":0,"431":0,"432":0,"433":0,"434":0,"435":0,"438":0,"439":0,"440":0,"441":0,"443":0,"447":0,"448":0,"449":0,"450":0,"451":0,"452":0,"453":0,"454":0,"457":0,"458":0,"459":0,"461":0,"462":0,"465":0,"466":0,"467":0,"469":0,"470":0,"471":0,"472":0,"473":0,"475":0,"476":0,"478":0,"479":0,"480":0,"481":0,"482":0,"483":0,"484":0,"485":0,"486":0,"487":0,"488":0,"489":0,"491":0,"492":0,"493":0,"494":0,"495":0,"497":0,"498":0,"499":0,"500":0,"502":0,"503":0,"504":0,"505":0,"507":0,"508":0,"509":0,"510":0,"511":0,"512":0,"513":0,"514":0,"517":0,"519":0,"522":0,"524":0,"525":0,"526":0,"527":0,"530":0,"531":0,"532":0,"533":0,"534":0,"535":0,"536":0,"538":0,"539":0,"540":0,"541":0,"542":0,"543":0,"546":0,"547":0,"548":0,"549":0,"552":0,"553":0,"554":0,"555":0,"556":0,"559":0,"560":0,"561":0,"562":0,"564":0,"565":0,"566":0,"567":0,"569":0,"570":0,"572":0,"573":0,"574":0,"577":0,"578":0,"579":0,"580":0,"581":0,"582":0,"583":0,"584":0,"585":0,"587":0,"588":0,"589":0,"590":0,"591":0,"592":0,"593":0,"594":0,"595":0,"596":0,"597":0,"598":0,"600":0,"601":0,"602":0,"603":0,"604":0,"605":0,"606":0,"607":0,"608":0,"609":0,"610":0,"611":0,"612":0,"615":0,"616":0,"617":0,"618":0,"619":0,"620":0,"621":0,"623":0,"624":0,"627":0,"628":0,"630":0,"631":0,"632":0,"633":0,"634":0,"635":0,"636":0,"637":0,"639":0,"640":0,"641":0,"644":1,"645":0,"646":0,"649":0,"650":0,"651":0,"654":0,"655":0,"656":0,"657":0,"658":0,"659":0,"660":0,"661":0,"662":0,"663":0,"664":0,"665":0,"666":0,"667":0,"668":0,"669":0,"671":1,"672":0,"674":0,"677":0,"678":0,"679":0,"682":0,"683":0,"684":0,"687":0,"689":0,"690":0,"692":0,"693":0,"694":0,"697":0,"698":0,"701":0,"702":0,"703":0,"704":0,"705":0,"706":0,"709":1,"710":0,"711":0,"712":0,"714":0,"715":0,"716":0,"719":0,"720":0,"721":0,"722":0,"723":0,"726":0,"727":0,"728":0,"729":0,"730":0,"733":0,"734":0,"735":0,"736":0,"737":0,"740":0,"741":0,"742":0,"743":0,"744":0,"745":0,"746":0,"748":0,"749":0,"750":0,"751":0,"752":0,"753":0,"754":0,"756":0,"757":0,"759":0,"760":0,"762":0,"763":0,"764":0,"767":0,"768":0,"769":0,"772":0,"773":0,"774":0,"775":0,"776":0,"777":0,"780":0,"781":0,"782":0,"783":0,"784":0,"786":0,"787":0,"789":1,"790":0,"791":0,"793":0,"795":0,"796":0,"798":0,"799":0,"800":0,"802":0,"803":0,"804":0,"805":0,"806":0,"807":0,"809":0,"810":0,"812":0,"813":0,"821":1,"822":0,"824":0,"825":0,"828":0,"829":0,"830":0,"833":0,"834":0,"835":0,"836":0,"837":0,"838":0,"839":0,"840":0,"843":0,"844":0,"850":0,"851":0,"852":0,"853":0,"854":0,"855":0,"857":0,"858":0,"859":0,"860":0,"861":0,"862":0,"863":0,"865":0,"866":0,"867":0,"868":0,"870":0,"871":0,"872":0,"875":0,"876":0,"879":0,"880":0,"881":0,"882":0,"884":0,"885":0,"886":0,"887":0,"888":0,"889":0,"891":0,"892":0,"893":0,"894":0,"896":0,"897":0,"898":0,"899":0,"900":0,"901":0,"902":0,"903":0,"904":0,"905":0,"906":0,"907":0,"908":0,"909":0,"920":0,"921":0,"922":0,"923":0,"924":0,"925":0,"928":0,"931":0,"932":0,"934":0,"935":0,"937":0,"938":0,"941":0,"942":0,"943":0,"944":0,"946":0,"948":0,"949":0,"950":0,"951":0,"952":0,"953":0,"954":0,"955":0,"959":0,"960":0,"961":0,"966":0,"969":0,"970":0,"971":0,"972":0,"973":0,"976":0,"981":0,"982":0,"986":0,"988":0,"989":0,"990":0,"991":0,"992":0,"993":0,"994":0,"995":0,"1005":0,"1006":0,"1007":0,"1008":0,"1009":0,"1011":0,"1012":0,"1013":0,"1014":0,"1015":0,"1017":0,"1018":0,"1024":0,"1027":0,"1028":0,"1031":0,"1032":0,"1035":0,"1036":0,"1037":0,"1038":0,"1040":0,"1041":0,"1043":0,"1044":0,"1047":0,"1048":0,"1049":0,"1051":0,"1054":0,"1055":0,"1056":0,"1057":0,"1058":0,"1059":0,"1061":0,"1064":0,"1065":0,"1068":0,"1069":0,"1070":0,"1071":0,"1072":0,"1073":0,"1075":0,"1078":0,"1081":0,"1084":0,"1085":0,"1086":0,"1087":0,"1088":0,"1092":0,"1093":0,"1102":0,"1104":0,"1107":0,"1108":0,"1109":0,"1110":0,"1113":0,"1114":0,"1115":0,"1116":0,"1119":0,"1120":0,"1121":0,"1122":0,"1123":0,"1124":0,"1125":0,"1128":0,"1129":0,"1136":0,"1137":0,"1141":0,"1142":0,"1143":0,"1145":0,"1146":0,"1147":0,"1148":0,"1149":0,"1150":0,"1151":0,"1152":0,"1154":0,"1155":0,"1157":0,"1164":0,"1165":0,"1169":0,"1170":0,"1171":0,"1173":0,"1174":0,"1175":0,"1176":0,"1177":0,"1178":0,"1179":0,"1180":0,"1181":0,"1182":0,"1189":0,"1190":0,"1194":0,"1195":0,"1196":0,"1198":0,"1199":0,"1200":0,"1201":0,"1202":0,"1203":0,"1204":0,"1205":0,"1206":0,"1207":0,"1208":0,"1217":0,"1218":0,"1219":0,"1220":0,"1221":0,"1222":0,"1225":0,"1227":0,"1228":0,"1229":0,"1230":0,"1232":0,"1233":0,"1234":0,"1236":0,"1237":0,"1239":0,"1240":0,"1241":0,"1251":0,"1253":0,"1254":0,"1255":0,"1256":0,"1257":0,"1259":0,"1260":0,"1263":0,"1264":0,"1265":0,"1268":0,"1269":0,"1270":0},"branchMap":{"0":{"type":"branch","line":15,"loc":{"start":{"line":15,"column":7},"end":{"line":42,"column":1}},"locations":[{"start":{"line":15,"column":7},"end":{"line":42,"column":1}}]},"1":{"type":"branch","line":16,"loc":{"start":{"line":16,"column":17},"end":{"line":16,"column":27}},"locations":[{"start":{"line":16,"column":17},"end":{"line":16,"column":27}}]},"2":{"type":"branch","line":16,"loc":{"start":{"line":16,"column":24},"end":{"line":20,"column":45}},"locations":[{"start":{"line":16,"column":24},"end":{"line":20,"column":45}}]},"3":{"type":"branch","line":20,"loc":{"start":{"line":20,"column":41},"end":{"line":20,"column":76}},"locations":[{"start":{"line":20,"column":41},"end":{"line":20,"column":76}}]},"4":{"type":"branch","line":20,"loc":{"start":{"line":20,"column":72},"end":{"line":20,"column":85}},"locations":[{"start":{"line":20,"column":72},"end":{"line":20,"column":85}}]},"5":{"type":"branch","line":23,"loc":{"start":{"line":23,"column":50},"end":{"line":23,"column":77}},"locations":[{"start":{"line":23,"column":50},"end":{"line":23,"column":77}}]},"6":{"type":"branch","line":23,"loc":{"start":{"line":23,"column":73},"end":{"line":23,"column":85}},"locations":[{"start":{"line":23,"column":73},"end":{"line":23,"column":85}}]},"7":{"type":"branch","line":36,"loc":{"start":{"line":36,"column":31},"end":{"line":36,"column":58}},"locations":[{"start":{"line":36,"column":31},"end":{"line":36,"column":58}}]},"8":{"type":"branch","line":36,"loc":{"start":{"line":36,"column":54},"end":{"line":36,"column":66}},"locations":[{"start":{"line":36,"column":54},"end":{"line":36,"column":66}}]},"9":{"type":"branch","line":37,"loc":{"start":{"line":37,"column":2},"end":{"line":41,"column":3}},"locations":[{"start":{"line":37,"column":2},"end":{"line":41,"column":3}}]},"10":{"type":"branch","line":44,"loc":{"start":{"line":44,"column":7},"end":{"line":46,"column":1}},"locations":[{"start":{"line":44,"column":7},"end":{"line":46,"column":1}}]},"11":{"type":"branch","line":368,"loc":{"start":{"line":368,"column":7},"end":{"line":407,"column":1}},"locations":[{"start":{"line":368,"column":7},"end":{"line":407,"column":1}}]},"12":{"type":"branch","line":377,"loc":{"start":{"line":377,"column":33},"end":{"line":382,"column":9}},"locations":[{"start":{"line":377,"column":33},"end":{"line":382,"column":9}}]},"13":{"type":"branch","line":382,"loc":{"start":{"line":382,"column":2},"end":{"line":386,"column":3}},"locations":[{"start":{"line":382,"column":2},"end":{"line":386,"column":3}}]}},"b":{"0":[28],"1":[1],"2":[27],"3":[1],"4":[26],"5":[1],"6":[26],"7":[8],"8":[19],"9":[0],"10":[5],"11":[18],"12":[2],"13":[16]},"fnMap":{"0":{"name":"normalizePath","decl":{"start":{"line":15,"column":7},"end":{"line":42,"column":1}},"loc":{"start":{"line":15,"column":7},"end":{"line":42,"column":1}},"line":15},"1":{"name":"toPlatformPath","decl":{"start":{"line":44,"column":7},"end":{"line":46,"column":1}},"loc":{"start":{"line":44,"column":7},"end":{"line":46,"column":1}},"line":44},"2":{"name":"isUnresolvedTemplateLiteral","decl":{"start":{"line":75,"column":0},"end":{"line":80,"column":1}},"loc":{"start":{"line":75,"column":0},"end":{"line":80,"column":1}},"line":75},"3":{"name":"resolveImportPath","decl":{"start":{"line":83,"column":0},"end":{"line":118,"column":1}},"loc":{"start":{"line":83,"column":0},"end":{"line":118,"column":1}},"line":83},"4":{"name":"calculateInitialImportance","decl":{"start":{"line":120,"column":0},"end":{"line":201,"column":1}},"loc":{"start":{"line":120,"column":0},"end":{"line":201,"column":1}},"line":120},"5":{"name":"extractImportPath","decl":{"start":{"line":204,"column":0},"end":{"line":230,"column":1}},"loc":{"start":{"line":204,"column":0},"end":{"line":230,"column":1}},"line":204},"6":{"name":"extractPackageVersion","decl":{"start":{"line":233,"column":0},"end":{"line":267,"column":1}},"loc":{"start":{"line":233,"column":0},"end":{"line":267,"column":1}},"line":233},"7":{"name":"isExcluded","decl":{"start":{"line":270,"column":0},"end":{"line":365,"column":1}},"loc":{"start":{"line":270,"column":0},"end":{"line":365,"column":1}},"line":270},"8":{"name":"globToRegExp","decl":{"start":{"line":368,"column":7},"end":{"line":407,"column":1}},"loc":{"start":{"line":368,"column":7},"end":{"line":407,"column":1}},"line":368},"9":{"name":"scanDirectory","decl":{"start":{"line":409,"column":0},"end":{"line":625,"column":1}},"loc":{"start":{"line":409,"column":0},"end":{"line":625,"column":1}},"line":409},"10":{"name":"getAllFileNodes","decl":{"start":{"line":628,"column":0},"end":{"line":642,"column":1}},"loc":{"start":{"line":628,"column":0},"end":{"line":642,"column":1}},"line":628},"11":{"name":"buildDependentMap","decl":{"start":{"line":645,"column":7},"end":{"line":670,"column":1}},"loc":{"start":{"line":645,"column":7},"end":{"line":670,"column":1}},"line":645},"12":{"name":"calculateImportance","decl":{"start":{"line":672,"column":7},"end":{"line":707,"column":1}},"loc":{"start":{"line":672,"column":7},"end":{"line":707,"column":1}},"line":672},"13":{"name":"setFileImportance","decl":{"start":{"line":710,"column":7},"end":{"line":761,"column":1}},"loc":{"start":{"line":710,"column":7},"end":{"line":761,"column":1}},"line":710},"14":{"name":"createFileTree","decl":{"start":{"line":763,"column":0},"end":{"line":788,"column":1}},"loc":{"start":{"line":763,"column":0},"end":{"line":788,"column":1}},"line":763},"15":{"name":"getFileImportance","decl":{"start":{"line":790,"column":7},"end":{"line":814,"column":1}},"loc":{"start":{"line":790,"column":7},"end":{"line":814,"column":1}},"line":790},"16":{"name":"findNodeByPath","decl":{"start":{"line":822,"column":7},"end":{"line":845,"column":1}},"loc":{"start":{"line":822,"
[...]
{"line":157,"column":19}},"157":{"start":{"line":158,"column":0},"end":{"line":158,"column":71}},"158":{"start":{"line":159,"column":0},"end":{"line":159,"column":16}},"159":{"start":{"line":160,"column":0},"end":{"line":160,"column":3}},"160":{"start":{"line":161,"column":0},"end":{"line":161,"column":1}},"165":{"start":{"line":166,"column":0},"end":{"line":166,"column":85}},"166":{"start":{"line":167,"column":0},"end":{"line":167,"column":7}},"167":{"start":{"line":168,"column":0},"end":{"line":168,"column":50}},"168":{"start":{"line":169,"column":0},"end":{"line":169,"column":67}},"169":{"start":{"line":170,"column":0},"end":{"line":170,"column":35}},"170":{"start":{"line":171,"column":0},"end":{"line":171,"column":28}},"171":{"start":{"line":172,"column":0},"end":{"line":172,"column":16}},"172":{"start":{"line":173,"column":0},"end":{"line":173,"column":8}},"173":{"start":{"line":174,"column":0},"end":{"line":174,"column":19}},"174":{"start":{"line":175,"column":0},"end":{"line":175,"column":54}},"175":{"start":{"line":176,"column":0},"end":{"line":176,"column":14}},"176":{"start":{"line":177,"column":0},"end":{"line":177,"column":3}},"177":{"start":{"line":178,"column":0},"end":{"line":178,"column":1}},"183":{"start":{"line":184,"column":0},"end":{"line":184,"column":107}},"185":{"start":{"line":186,"column":0},"end":{"line":186,"column":65}},"188":{"start":{"line":189,"column":0},"end":{"line":189,"column":51}},"189":{"start":{"line":190,"column":0},"end":{"line":190,"column":67}},"192":{"start":{"line":193,"column":0},"end":{"line":193,"column":53}},"194":{"start":{"line":195,"column":0},"end":{"line":195,"column":35}},"195":{"start":{"line":196,"column":0},"end":{"line":196,"column":18}},"196":{"start":{"line":197,"column":0},"end":{"line":197,"column":5}},"199":{"start":{"line":200,"column":0},"end":{"line":200,"column":81}},"201":{"start":{"line":202,"column":0},"end":{"line":202,"column":35}},"202":{"start":{"line":203,"column":0},"end":{"line":203,"column":18}},"203":{"start":{"line":204,"column":0},"end":{"line":204,"column":5}},"206":{"start":{"line":207,"column":0},"end":{"line":207,"column":111}},"208":{"start":{"line":209,"column":0},"end":{"line":209,"column":35}},"209":{"start":{"line":210,"column":0},"end":{"line":210,"column":18}},"210":{"start":{"line":211,"column":0},"end":{"line":211,"column":5}},"213":{"start":{"line":214,"column":0},"end":{"line":214,"column":44}},"214":{"start":{"line":215,"column":0},"end":{"line":215,"column":42}},"215":{"start":{"line":216,"column":0},"end":{"line":216,"column":35}},"216":{"start":{"line":217,"column":0},"end":{"line":217,"column":22}},"217":{"start":{"line":218,"column":0},"end":{"line":218,"column":9}},"218":{"start":{"line":219,"column":0},"end":{"line":219,"column":7}},"219":{"start":{"line":220,"column":0},"end":{"line":220,"column":5}},"221":{"start":{"line":222,"column":0},"end":{"line":222,"column":17}},"222":{"start":{"line":223,"column":0},"end":{"line":223,"column":3}},"224":{"start":{"line":225,"column":0},"end":{"line":225,"column":33}},"225":{"start":{"line":226,"column":0},"end":{"line":226,"column":1}},"230":{"start":{"line":231,"column":0},"end":{"line":231,"column":84}},"232":{"start":{"line":233,"column":0},"end":{"line":233,"column":65}},"235":{"start":{"line":236,"column":0},"end":{"line":236,"column":54}},"236":{"start":{"line":237,"column":0},"end":{"line":237,"column":67}},"239":{"start":{"line":240,"column":0},"end":{"line":240,"column":53}},"240":{"start":{"line":241,"column":0},"end":{"line":241,"column":18}},"241":{"start":{"line":242,"column":0},"end":{"line":242,"column":5}},"244":{"start":{"line":245,"column":0},"end":{"line":245,"column":81}},"245":{"start":{"line":246,"column":0},"end":{"line":246,"column":18}},"246":{"start":{"line":247,"column":0},"end":{"line":247,"column":5}},"249":{"start":{"line":250,"column":0},"end":{"line":250,"column":111}},"250":{"start":{"line":251,"column":0},"end":{"line":251,"column":18}},"251":{"start":{"line":252,"column":0},"end":{"line":252,"column":5}},"254":{"start":{"line":255,"column":0},"end":{"line":255,"column":44}},"255":{"start":{"line":256,"column":0},"end":{"line":256,"column":42}},"256":{"start":{"line":257,"column":0},"end":{"line":257,"column":38}},"257":{"start":{"line":258,"column":0},"end":{"line":258,"column":20}},"258":{"start":{"line":259,"column":0},"end":{"line":259,"column":23}},"259":{"start":{"line":260,"column":0},"end":{"line":260,"column":9}},"260":{"start":{"line":261,"column":0},"end":{"line":261,"column":7}},"261":{"start":{"line":262,"column":0},"end":{"line":262,"column":5}},"263":{"start":{"line":264,"column":0},"end":{"line":264,"column":16}},"264":{"start":{"line":265,"column":0},"end":{"line":265,"column":3}},"266":{"start":{"line":267,"column":0},"end":{"line":267,"column":28}},"267":{"start":{"line":268,"column":0},"end":{"line":268,"column":1}}},"s":{"0":0,"1":0,"2":0,"4":0,"7":0,"15":0,"16":0,"18":0,"19":0,"20":0,"23":0,"26":0,"29":0,"30":0,"31":0,"34":0,"35":0,"36":0,"39":0,"40":0,"41":0,"43":0,"44":0,"45":0,"50":0,"51":0,"52":0,"53":0,"55":0,"56":0,"57":0,"58":0,"59":0,"64":0,"65":0,"66":0,"67":0,"70":0,"71":0,"72":0,"73":0,"76":0,"77":0,"80":0,"81":0,"82":0,"85":0,"86":0,"88":0,"89":0,"90":0,"91":0,"92":0,"93":0,"94":0,"96":0,"97":0,"102":0,"103":0,"104":0,"107":0,"108":0,"109":0,"110":0,"112":0,"113":0,"114":0,"115":0,"116":0,"117":0,"118":0,"120":0,"121":0,"123":0,"124":0,"125":0,"126":0,"127":0,"128":0,"129":0,"130":0,"131":0,"136":0,"137":0,"139":0,"140":0,"141":0,"142":0,"143":0,"146":0,"147":0,"149":0,"150":0,"153":0,"155":0,"156":0,"157":0,"158":0,"159":0,"160":0,"165":0,"166":0,"167":0,"168":0,"169":0,"170":0,"171":0,"172":0,"173":0,"174":0,"175":0,"176":0,"177":0,"183":0,"185":0,"188":0,"189":0,"192":0,"194":0,"195":0,"196":0,"199":0,"201":0,"202":0,"203":0,"206":0,"208":0,"209":0,"210":0,"213":0,"214":0,"215":0,"216":0,"217":0,"218":0,"219":0,"221":0,"222":0,"224":0,"225":0,"230":0,"232":0,"235":0,"236":0,"239":0,"240":0,"241":0,"244":0,"245":0,"246":0,"249":0,"250":0,"251":0,"254":0,"255":0,"256":0,"257":0,"258":0,"259":0,"260":0,"261":0,"263":0,"264":0,"266":0,"267":0},"branchMap":{"0":{"type":"branch","line":1,"loc":{"start":{"line":1,"column":9075},"end":{"line":268,"column":1}},"locations":[{"start":{"line":1,"column":9075},"end":{"line":268,"column":1}}]}},"b":{"0":[0]},"fnMap":{"0":{"name":"(empty-report)","decl":{"start":{"line":1,"column":9075},"end":{"line":268,"column":1}},"loc":{"start":{"line":1,"column":9075},"end":{"line":268,"column":1}},"line":1}},"f":{"0":0}}
,"/home/user/mcp/FileScopeMCP/src/types.ts": {"path":"/home/user/mcp/FileScopeMCP/src/types.ts","all":false,"statementMap":{"0":{"start":{"line":1,"column":0},"end":{"line":1,"column":51}},"23":{"start":{"line":24,"column":0},"end":{"line":24,"column":23}},"24":{"start":{"line":25,"column":0},"end":{"line":25,"column":20}},"25":{"start":{"line":26,"column":0},"end":{"line":26,"column":20}},"26":{"start":{"line":27,"column":0},"end":{"line":27,"column":31}},"34":{"start":{"line":35,"column":0},"end":{"line":35,"column":1}},"37":{"start":{"line":38,"column":0},"end":{"line":38,"column":32}},"38":{"start":{"line":39,"column":0},"end":{"line":39,"column":77}},"40":{"start":{"line":41,"column":0},"end":{"line":41,"column":50}},"45":{"start":{"line":46,"column":0},"end":{"line":46,"column":68}},"46":{"start":{"line":47,"column":0},"end":{"line":47,"column":38}},"47":{"start":{"line":48,"column":0},"end":{"line":48,"column":33}},"48":{"start":{"line":49,"column":0},"end":{"line":49,"column":29}},"49":{"start":{"line":50,"column":0},"end":{"line":50,"column":3}},"52":{"start":{"line":53,"column":0},"end":{"line":53,"column":52}},"53":{"start":{"line":54,"column":0},"end":{"line":54,"column":40}},"54":{"start":{"line":55,"column":0},"end":{"line":55,"column":20}},"57":{"start":{"line":58,"column":0},"end":{"line":58,"column":49}},"58":{"start":{"line":59,"column":0},"end":{"line":59,"column":73}},"59":{"start":{"line":60,"column":0},"end":{"line":60,"column":5}},"62":{"start":{"line":63,"column":0},"end":{"line":63,"column":40}},"63":{"start":{"line":64,"column":0},"end":{"line":64,"column":48}},"64":{"start":{"line":65,"column":0},"end":{"line":65,"column":29}},"65":{"start":{"line":66,"column":0},"end":{"line":66,"column":47}},"68":{"start":{"line":69,"column":0},"end":{"line":69,"column":56}},"69":{"start":{"line":70,"column":0},"end":{"line":70,"column":21}},"70":{"start":{"line":71,"column":0},"end":{"line":71,"column":9}},"73":{"start":{"line":74,"column":0},"end":{"line":74,"column":38}},"74":{"start":{"line":75,"column":0},"end":{"line":75,"column":50}},"75":{"start":{"line":76,"column":0},"end":{"line":76,"column":39}},"76":{"start":{"line":77,"column":0},"end":{"line":77,"column":39}},"77":{"start":{"line":78,"column":0},"end":{"line":78,"column":61}},"78":{"start":{"line":79,"column":0},"end":{"line":79,"column":11}},"79":{"start":{"line":80,"column":0},"end":{"line":80,"column":16}},"80":{"start":{"line":81,"column":0},"end":{"line":81,"column":29}},"81":{"start":{"line":82,"column":0},"end":{"line":82,"column":9}},"84":{"start":{"line":85,"column":0},"end":{"line":85,"column":65}},"85":{"start":{"line":86,"column":0},"end":{"line":86,"column":47}},"86":{"start":{"line":87,"column":0},"end":{"line":87,"column":36}},"87":{"start":{"line":88,"column":0},"end":{"line":88,"column":35}},"88":{"start":{"line":89,"column":0},"end":{"line":89,"column":11}},"89":{"start":{"line":90,"column":0},"end":{"line":90,"column":9}},"90":{"start":{"line":91,"column":0},"end":{"line":91,"column":7}},"91":{"start":{"line":92,"column":0},"end":{"line":92,"column":12}},"93":{"start":{"line":94,"column":0},"end":{"line":94,"column":36}},"94":{"start":{"line":95,"column":0},"end":{"line":95,"column":29}},"95":{"start":{"line":96,"column":0},"end":{"line":96,"column":49}},"97":{"start":{"line":98,"column":0},"end":{"line":98,"column":98}},"99":{"start":{"line":100,"column":0},"end":{"line":100,"column":37}},"100":{"start":{"line":101,"column":0},"end":{"line":101,"column":39}},"101":{"start":{"line":102,"column":0},"end":{"line":102,"column":37}},"102":{"start":{"line":103,"column":0},"end":{"line":103,"column":56}},"103":{"start":{"line":104,"column":0},"end":{"line":104,"column":45}},"104":{"start":{"line":105,"column":0},"end":{"line":105,"column":55}},"105":{"start":{"line":106,"column":0},"end":{"line":106,"column":38}},"106":{"start":{"line":107,"column":0},"end":{"line":107,"column":59}},"107":{"start":{"line":108,"column":0},"end":{"line":108,"column":22}},"108":{"start":{"line":109,"column":0},"end":{"line":109,"column":15}},"109":{"start":{"line":110,"column":0},"end":{"line":110,"column":13}},"110":{"start":{"line":111,"column":0},"end":{"line":111,"column":11}},"111":{"start":{"line":112,"column":0},"end":{"line":112,"column":46}},"113":{"start":{"line":114,"column":0},"end":{"line":114,"column":33}},"114":{"start":{"line":115,"column":0},"end":{"line":115,"column":33}},"115":{"start":{"line":116,"column":0},"end":{"line":116,"column":49}},"116":{"start":{"line":117,"column":0},"end":{"line":117,"column":11}},"117":{"start":{"line":118,"column":0},"end":{"line":118,"column":16}},"120":{"start":{"line":121,"column":0},"end":{"line":121,"column":98}},"122":{"start":{"line":123,"column":0},"end":{"line":123,"column":47}},"123":{"start":{"line":124,"column":0},"end":{"line":124,"column":84}},"124":{"start":{"line":125,"column":0},"end":{"line":125,"column":35}},"125":{"start":{"line":126,"column":0},"end":{"line":126,"column":20}},"126":{"start":{"line":127,"column":0},"end":{"line":127,"column":13}},"127":{"start":{"line":128,"column":0},"end":{"line":128,"column":11}},"130":{"start":{"line":131,"column":0},"end":{"line":131,"column":38}},"132":{"start":{"line":133,"column":0},"end":{"line":133,"column":62}},"133":{"start":{"line":134,"column":0},"end":{"line":134,"column":34}},"134":{"start":{"line":135,"column":0},"end":{"line":135,"column":13}},"135":{"start":{"line":136,"column":0},"end":{"line":136,"column":11}},"136":{"start":{"line":137,"column":0},"end":{"line":137,"column":9}},"137":{"start":{"line":138,"column":0},"end":{"line":138,"column":7}},"138":{"start":{"line":139,"column":0},"end":{"line":139,"column":5}},"141":{"start":{"line":142,"column":0},"end":{"line":142,"column":53}},"142":{"start":{"line":143,"column":0},"end":{"line":143,"column":65}},"143":{"start":{"line":144,"column":0},"end":{"line":144,"column":5}},"145":{"start":{"line":146,"column":0},"end":{"line":146,"column":15}},"146":{"start":{"line":147,"column":0},"end":{"line":147,"column":3}},"147":{"start":{"line":148,"column":0},"end":{"line":148,"column":1}},"149":{"start":{"line":150,"column":0},"end":{"line":150,"column":29}},"150":{"start":{"line":151,"column":0},"end":{"line":151,"column":20}},"151":{"start":{"line":152,"column":0},"end":{"line":152,"column":31}},"153":{"start":{"line":154,"column":0},"end":{"line":154,"column":1}},"166":{"start":{"line":167,"column":0},"end":{"line":167,"column":29}},"167":{"start":{"line":168,"column":0},"end":{"line":168,"column":67}},"168":{"start":{"line":169,"column":0},"end":{"line":169,"column":76}},"169":{"start":{"line":170,"column":0},"end":{"line":170,"column":71}},"170":{"start":{"line":171,"column":0},"end":{"line":171,"column":69}},"171":{"start":{"line":172,"column":0},"end":{"line":172,"column":1}},"173":{"start":{"line":174,"column":0},"end":{"line":174,"column":30}},"174":{"start":{"line":175,"column":0},"end":{"line":175,"column":48}},"175":{"start":{"line":176,"column":0},"end":{"line":176,"column":38}},"176":{"start":{"line":177,"column":0},"end":{"line":177,"column":1}},"178":{"start":{"line":179,"column":0},"end":{"line":179,"column":34}},"179":{"start":{"line":180,"column":0},"end":{"line":180,"column":15}},"185":{"start":{"line":186,"column":0},"end":{"line":186,"column":7}},"186":{"start":{"line":187,"column":0},"end":{"line":187,"column":23}},"187":{"start":{"line":188,"column":0},"end":{"line":188,"column":25}},"188":{"start":{"line":189,"column":0},"end":{"line":189,"column":22}},"189":{"start":{"line":190,"column":0},"end":{"line":190,"column":16}},"190":{"start":{"line":191,"column":0},"end":{"line":191,"column":20}},"191":{"start":{"line":192,"column":0},"end":{"line":192,"column":4}},"192":{"start":{"line":193,"column":0},"end":{"line":193,"column":15}},"197":{"start":{"line":198,"column":0},"end":{"line":198,"column":7}},"198":{"start":{"line":199,"column":0},"end":{"line":199,"column":19}},"199":{"start":{"line":200,"column":0},"end":{"line":200,"column":18}},"200":{"start":{"line":201,"column":0},"end":{"line":201,"column":17}},"201":{"start":{"line":202,"column":0},"end":{"line":202,"column":15}},"202":{"start":{"line":203,"column":0},"end":{"line":203,"column":4}},"203":{"start":{"line":204,"column":0},"end":{"line":204,"column":15}},"209":{"start":{"line":210,"column":0},"end":{"line":210,"column":7}},"210":{"start":{"line":211,"column":0},"end":{"line":211,"column":13}},"211":{"start":{"line":212,"column":0},"end":{"line":212,"column":18}},"212":{"start":{"line":213,"column":0},"end":{"line":213,"column":18}},"213":{"start":{"line":214,"column":0},"end":{"line":214,"column":16}},"214":{"start":{"line":215,"column":0},"end":{"line":215,"column":20}},"215":{"start":{"line":216,"column":0},"end":{"line":216,"column":4}},"216":{"start":{"line":217,"column":0},"end":{"line":217,"column":1}},"218":{"start":{"line":219,"column":0},"end":{"line":219,"column":35}},"219":{"start":{"line":220,"column":0},"end":{"line":220,"column":88}},"234":{"start":{"line":235,"column":0},"end":{"line":235,"column":1}},"236":{"start":{"line":237,"column":0},"end":{"line":237,"column":34}},"237":{"start":{"line":238,"column":0},"end":{"line":238,"column":68}},"238":{"start":{"line":239,"column":0},"end":{"line":239,"column":57}},"239":{"start":{"line":240,"column":0},"end":{"line":240,"column":60}},"240":{"start":{"line":241,"column":0},"end":{"line":241,"column":83}},"241":{"start":{"line":242,"column":0},"end":{"line":242,"column":66}},"242":{"start":{"line":243,"column":0},"end":{"line":243,"column":65}},"243":{"start":{"line":244,"column":0},"end":{"line":244,"column":60}},"244":{"start":{"line":245,"column":0},"end":{"line":245,"column":1}},"246":{"start":{"line":247,"column":0},"end":{"line":247,"column":29}},"247":{"start":{"line":248,"column":0},"end":{"line":248,"column":60}},"248":{"start":{"line":249,"column":0},"end":{"line":249,"column":57}},"249":{"start":{"line":250,"column":0},"end":{"line":250,"column":57}},"250":{"start":{"line":251,"column":0},"end":{"line":251,"column":66}},"251":{"start":{"line":252,"column":0},"end":{"line":252,"column":1}}},"s":{"0":1,"23":1,"24":0,"25":0,"26":0,"34":1,"37":1,"38":0,"40":0,"45":1,"46":0,"47":0,"48":0,"49":0,"52":1,"53":0,"54":0,"57":0,"58":0,"59":0,"62":0,"63":0,"64":0,"65":0,"68":0,"69":0,"70":0,"73":0,"74":0,"75":0,"76":0,"77":0,"78":0,"79":0,"80":0,"81":0,"84":0,"85":0,"86":0,"87":0,"88":0,"89":0,"90":0,"91":0,"93":0,"94":0,"95":0,"97":0,"99":0,"100":0,"101":0,"102":0,"103":0,"104":0,"105":0,"106":0,"107":0,"108":0,"109":0,"110":0,"111":0,"113":0,"114":0,"115":0,"116":0,"117":0,"120":0,"122":0,"123":0,"124":0,"125":0,"126":0,"127":0,"130":0,"132":0,"133":0,"134":0,"135":0,"136":0,"137":0,"138":0,"141":0,"142":0,"143":0,"145":0,"146":0,"147":1,"149":1,"150":0,"151":0,"153":1,"166":1,"167":0,"168":0,"169":0,"170":0,"171":1,"173":1,"174":0,"175":0,"176":1,"178":1,"179":0,"185":0,"186":0,"187":0,"188":0,"189":0,"190":0,"191":0,"192":0,"197":0,"198":0,"199":0,"200":0,"201":0,"202":0,"203":0,"209":0,"210":0,"211":0,"212":0,"213":0,"214":0,"215":0,"216":1,"218":1,"219":0,"234":1,"236":1,"237":0,"238":0,"239":0,"240":0,"241":0,"242":0,"243":0,"244":1,"246":1,"247":0,"248":0,"249":0,"250":0,"251":1},"branchMap":{},"b":{},"fnMap":{"0":{"name":"FileNode","decl":{"start":{"line":24,"column":7},"end":{"line":27,"column":31}},"loc":{"start":{"line":24,"column":7},"end":{"line":27,"column":31}},"line":24},"1":{"name":"PackageDependency","decl":{"start":{"line":38,"column":7},"end":{"line":41,"column":50}},"loc":{"start":{"line":38,"column":7},"end":{"line":41,"column":50}},"line":38},"2":{"name":"isUnresolvedTemplateLiteral","decl":{"start":{"line":46,"column":17},"end":{"line":50,"column":3}},"loc":{"start":{"line":46,"column":17},"end":{"line":50,"column":3}},"line":46},"3":{"name":"fromPath","decl":{"start":{"line":53,"column":9},"end":{"line":147,"column":3}},"loc":{"start":{"line":53,"column":9},"end":{"line":147,"column":3}},"line":53},"4":{"name":"SimpleFileNode","decl":{"start":{"line":150,"column":7},"end":{"line":152,"column":31}},"loc":{"start":{"line":150,"column":7},"end":{"line":152,"column":31}},"line":150},"5":{"name":"FileTreeConfig","decl":{"start":{"line":167,"column":7},"end":{"line":171,"column":69}},"loc":{"start":{"line":167,"column":7},"end":{"line":171,"column":69}},"line":167},"6":{"name":"FileTreeStorage","decl":{"start":{"line":174,"column":7},"end":{"line":176,"column":38}},"loc":{"start":{"line":174,"column":7},"end":{"line":176,"column":38}},"line":174},"7":{"name":"MermaidDiagramStyle","decl":{"start":{"line":179,"column":7},"end":{"line":216,"column":4}},"loc":{"start":{"line":179,"column":7},"end":{"line":216,"column":4}},"line":179},"8":{"name":"MermaidDiagramConfig","decl":{"start":{"line":219,"column":7},"end":{"line":220,"column":88}},"loc":{"start":{"line":219,"column":7},"end":{"line":220,"column":88}},"line":219},"9":{"name":"MermaidDiagramStats","decl":{"start":{"line":237,"column":7},"end":{"line":244,"column":60}},"loc":{"start":{"line":237,"column":7},"end":{"line":244,"column":60}},"line":237},"10":{"name":"MermaidDiagram","decl":{"start":{"line":247,"column":7},"end":{"line":251,"column":66}},"loc":{"start":{"line":247,"column":7},"end":{"line":251,"column":66}},"line":247}},"f":{"0":0,"1":0,"2":0,"3":0,"4":0,"5":0,"6":0,"7":0,"8":0,"9":0,"10":0}}
}
